TN:
SF:src/protocolVersion.ts
FN:6,(anonymous_0)
FN:10,(anonymous_1)
FNF:2
FNH:0
FNDA:0,(anonymous_0)
FNDA:0,(anonymous_1)
DA:3,1
DA:4,1
DA:6,1
DA:7,0
DA:10,1
DA:11,0
LF:6
LH:4
BRF:0
BRH:0
end_of_record
TN:
SF:src/common/crypto_util.ts
FN:8,(anonymous_1)
FN:19,(anonymous_2)
FN:30,(anonymous_3)
FN:52,(anonymous_4)
FN:74,(anonymous_5)
FN:80,(anonymous_6)
FN:95,(anonymous_7)
FN:99,(anonymous_8)
FN:114,(anonymous_9)
FN:121,(anonymous_10)
FN:128,(anonymous_11)
FN:149,(anonymous_12)
FN:151,(anonymous_13)
FNF:13
FNH:0
FNDA:0,(anonymous_1)
FNDA:0,(anonymous_2)
FNDA:0,(anonymous_3)
FNDA:0,(anonymous_4)
FNDA:0,(anonymous_5)
FNDA:0,(anonymous_6)
FNDA:0,(anonymous_7)
FNDA:0,(anonymous_8)
FNDA:0,(anonymous_9)
FNDA:0,(anonymous_10)
FNDA:0,(anonymous_11)
FNDA:0,(anonymous_12)
FNDA:0,(anonymous_13)
DA:1,1
DA:2,1
DA:3,1
DA:5,1
DA:6,1
DA:8,1
DA:9,0
DA:10,0
DA:13,0
DA:14,0
DA:15,0
DA:19,1
DA:20,0
DA:21,0
DA:24,0
DA:25,0
DA:26,0
DA:30,1
DA:31,0
DA:32,0
DA:33,0
DA:35,0
DA:37,0
DA:38,0
DA:39,0
DA:42,0
DA:43,0
DA:46,0
DA:47,0
DA:48,0
DA:52,1
DA:53,0
DA:54,0
DA:55,0
DA:57,0
DA:59,0
DA:60,0
DA:61,0
DA:64,0
DA:65,0
DA:68,0
DA:69,0
DA:70,0
DA:74,1
DA:75,0
DA:76,0
DA:77,0
DA:80,1
DA:81,0
DA:82,0
DA:83,0
DA:85,0
DA:86,0
DA:88,0
DA:89,0
DA:90,0
DA:92,0
DA:95,1
DA:96,0
DA:99,1
DA:100,0
DA:101,0
DA:102,0
DA:104,0
DA:105,0
DA:107,0
DA:108,0
DA:109,0
DA:111,0
DA:114,1
DA:115,0
DA:116,0
DA:118,0
DA:121,1
DA:122,0
DA:123,0
DA:125,0
DA:128,1
DA:129,0
DA:142,0
DA:149,1
DA:150,0
DA:151,0
DA:152,0
DA:153,0
LF:85
LH:17
BRDA:30,0,0,0
BRDA:31,1,0,0
BRDA:31,1,1,0
BRDA:32,2,0,0
BRDA:32,2,1,0
BRDA:38,3,0,0
BRDA:38,3,1,0
BRDA:52,4,0,0
BRDA:53,5,0,0
BRDA:53,5,1,0
BRDA:54,6,0,0
BRDA:54,6,1,0
BRDA:60,7,0,0
BRDA:60,7,1,0
BRDA:82,8,0,0
BRDA:82,8,1,0
BRDA:85,9,0,0
BRDA:85,9,1,0
BRDA:89,10,0,0
BRDA:89,10,1,0
BRDA:101,11,0,0
BRDA:101,11,1,0
BRDA:104,12,0,0
BRDA:104,12,1,0
BRDA:108,13,0,0
BRDA:108,13,1,0
BRDA:115,14,0,0
BRDA:115,14,1,0
BRDA:122,15,0,0
BRDA:122,15,1,0
BRDA:149,16,0,0
BRF:31
BRH:0
end_of_record
TN:
SF:src/common/util.ts
FN:6,(anonymous_1)
FN:14,(anonymous_2)
FN:25,(anonymous_3)
FN:32,(anonymous_4)
FN:37,(anonymous_5)
FN:41,(anonymous_6)
FN:45,(anonymous_7)
FN:51,(anonymous_8)
FN:67,(anonymous_9)
FN:82,(anonymous_10)
FN:98,(anonymous_11)
FN:98,(anonymous_12)
FNF:12
FNH:0
FNDA:0,(anonymous_1)
FNDA:0,(anonymous_2)
FNDA:0,(anonymous_3)
FNDA:0,(anonymous_4)
FNDA:0,(anonymous_5)
FNDA:0,(anonymous_6)
FNDA:0,(anonymous_7)
FNDA:0,(anonymous_8)
FNDA:0,(anonymous_9)
FNDA:0,(anonymous_10)
FNDA:0,(anonymous_11)
FNDA:0,(anonymous_12)
DA:1,1
DA:2,1
DA:6,1
DA:7,0
DA:8,0
DA:9,0
DA:10,0
DA:11,0
DA:14,1
DA:15,0
DA:16,0
DA:18,0
DA:19,0
DA:20,0
DA:21,0
DA:22,0
DA:25,1
DA:26,0
DA:27,0
DA:29,0
DA:32,1
DA:33,0
DA:34,0
DA:37,1
DA:38,0
DA:41,1
DA:42,0
DA:45,1
DA:46,0
DA:47,0
DA:49,0
DA:50,0
DA:51,0
DA:54,0
DA:55,0
DA:56,0
DA:57,0
DA:59,0
DA:63,0
DA:67,1
DA:68,0
DA:71,0
DA:72,0
DA:73,0
DA:76,0
DA:77,0
DA:80,0
DA:81,0
DA:82,0
DA:85,0
DA:86,0
DA:87,0
DA:89,0
DA:93,0
DA:98,1
LF:55
LH:11
BRDA:15,0,0,0
BRDA:15,0,1,0
BRDA:26,1,0,0
BRDA:26,1,1,0
BRDA:46,2,0,0
BRDA:46,2,1,0
BRDA:49,3,0,0
BRDA:49,3,1,0
BRDA:50,4,0,0
BRDA:50,4,1,0
BRDA:68,5,0,0
BRDA:68,5,1,0
BRDA:72,6,0,0
BRDA:72,6,1,0
BRDA:80,7,0,0
BRDA:80,7,1,0
BRDA:81,8,0,0
BRDA:81,8,1,0
BRF:18
BRH:0
end_of_record
TN:
SF:src/interfaces/NodeToNodeRequest.ts
FN:12,(anonymous_1)
FN:16,(anonymous_2)
FN:19,(anonymous_3)
FN:33,(anonymous_4)
FN:54,(anonymous_5)
FN:75,(anonymous_6)
FN:97,(anonymous_7)
FN:115,(anonymous_8)
FN:125,(anonymous_9)
FN:137,(anonymous_10)
FN:148,(anonymous_11)
FN:161,(anonymous_12)
FN:172,(anonymous_13)
FN:185,(anonymous_14)
FN:195,(anonymous_15)
FN:208,(anonymous_16)
FN:218,(anonymous_17)
FN:232,(anonymous_18)
FN:245,(anonymous_19)
FN:262,(anonymous_20)
FN:278,(anonymous_21)
FN:294,(anonymous_22)
FN:308,(anonymous_23)
FNF:23
FNH:0
FNDA:0,(anonymous_1)
FNDA:0,(anonymous_2)
FNDA:0,(anonymous_3)
FNDA:0,(anonymous_4)
FNDA:0,(anonymous_5)
FNDA:0,(anonymous_6)
FNDA:0,(anonymous_7)
FNDA:0,(anonymous_8)
FNDA:0,(anonymous_9)
FNDA:0,(anonymous_10)
FNDA:0,(anonymous_11)
FNDA:0,(anonymous_12)
FNDA:0,(anonymous_13)
FNDA:0,(anonymous_14)
FNDA:0,(anonymous_15)
FNDA:0,(anonymous_16)
FNDA:0,(anonymous_17)
FNDA:0,(anonymous_18)
FNDA:0,(anonymous_19)
FNDA:0,(anonymous_20)
FNDA:0,(anonymous_21)
FNDA:0,(anonymous_22)
FNDA:0,(anonymous_23)
DA:1,1
DA:2,1
DA:3,1
DA:4,1
DA:6,1
DA:12,1
DA:13,0
DA:14,0
DA:16,1
DA:17,0
DA:19,1
DA:33,1
DA:34,0
DA:54,1
DA:55,0
DA:75,1
DA:76,0
DA:97,1
DA:98,0
DA:115,1
DA:116,0
DA:125,1
DA:126,0
DA:137,1
DA:138,0
DA:148,1
DA:149,0
DA:161,1
DA:162,0
DA:172,1
DA:173,0
DA:185,1
DA:186,0
DA:195,1
DA:196,0
DA:208,1
DA:209,0
DA:218,1
DA:219,0
DA:232,1
DA:233,0
DA:245,1
DA:246,0
DA:262,1
DA:263,0
DA:278,1
DA:279,0
DA:294,1
DA:295,0
DA:308,1
DA:309,0
LF:51
LH:28
BRDA:13,0,0,0
BRDA:13,0,1,0
BRDA:85,1,0,0
BRDA:85,1,1,0
BRDA:107,2,0,0
BRDA:107,2,1,0
BRF:6
BRH:0
end_of_record
TN:
SF:src/interfaces/core.ts
FN:12,(anonymous_1)
FN:16,(anonymous_2)
FN:24,(anonymous_3)
FN:28,(anonymous_4)
FN:36,(anonymous_5)
FN:40,(anonymous_6)
FN:51,(anonymous_7)
FN:53,(anonymous_8)
FN:56,(anonymous_9)
FN:78,(anonymous_10)
FN:83,(anonymous_11)
FN:88,(anonymous_12)
FN:93,(anonymous_13)
FN:98,(anonymous_14)
FN:103,(anonymous_15)
FN:108,(anonymous_16)
FN:113,(anonymous_17)
FN:114,(anonymous_18)
FN:122,(anonymous_19)
FN:125,(anonymous_20)
FN:130,(anonymous_21)
FN:138,(anonymous_22)
FN:139,(anonymous_23)
FN:145,(anonymous_24)
FN:146,(anonymous_25)
FN:160,(anonymous_26)
FN:161,(anonymous_27)
FN:172,(anonymous_28)
FN:181,(anonymous_29)
FN:188,(anonymous_30)
FN:213,(anonymous_31)
FN:217,(anonymous_32)
FN:220,(anonymous_33)
FN:232,(anonymous_34)
FN:236,(anonymous_35)
FN:249,(anonymous_36)
FN:255,(anonymous_37)
FN:264,(anonymous_38)
FN:269,(anonymous_39)
FN:273,(anonymous_40)
FN:276,(anonymous_41)
FN:279,(anonymous_42)
FN:284,(anonymous_43)
FN:288,(anonymous_44)
FN:300,(anonymous_45)
FN:305,(anonymous_46)
FN:312,(anonymous_47)
FN:316,(anonymous_48)
FN:323,(anonymous_49)
FN:327,(anonymous_50)
FN:334,(anonymous_51)
FN:338,(anonymous_52)
FN:345,(anonymous_53)
FN:349,(anonymous_54)
FN:353,(anonymous_55)
FN:366,(anonymous_56)
FN:374,(anonymous_57)
FN:382,(anonymous_58)
FN:386,(anonymous_59)
FN:394,(anonymous_60)
FN:398,(anonymous_61)
FN:405,(anonymous_62)
FN:409,(anonymous_63)
FN:416,(anonymous_64)
FN:420,(anonymous_65)
FN:423,(anonymous_66)
FN:426,(anonymous_67)
FN:436,(anonymous_68)
FN:440,(anonymous_69)
FN:462,(anonymous_70)
FN:472,(anonymous_71)
FN:480,(anonymous_72)
FN:482,(anonymous_73)
FN:485,(anonymous_74)
FN:497,(anonymous_75)
FN:526,(anonymous_76)
FN:532,(anonymous_77)
FN:540,(anonymous_78)
FN:543,(anonymous_79)
FN:549,(anonymous_80)
FN:552,(anonymous_81)
FN:576,(anonymous_82)
FN:593,(anonymous_83)
FN:601,(anonymous_84)
FN:604,(anonymous_85)
FN:607,(anonymous_86)
FN:615,(anonymous_87)
FN:623,(anonymous_88)
FN:630,(anonymous_89)
FN:634,(anonymous_90)
FN:641,(anonymous_91)
FN:644,(anonymous_92)
FN:651,(anonymous_93)
FN:664,(anonymous_94)
FN:665,(anonymous_95)
FN:669,(anonymous_96)
FN:671,(anonymous_97)
FN:686,(anonymous_98)
FN:692,(anonymous_99)
FN:698,(anonymous_100)
FN:705,(anonymous_101)
FN:713,(anonymous_102)
FN:721,(anonymous_103)
FN:730,(anonymous_104)
FN:735,(anonymous_105)
FN:744,(anonymous_106)
FN:748,(anonymous_107)
FN:763,(anonymous_108)
FN:770,(anonymous_109)
FN:777,(anonymous_110)
FN:780,(anonymous_111)
FN:788,(anonymous_112)
FN:796,(anonymous_113)
FN:800,(anonymous_114)
FN:803,(anonymous_115)
FN:813,(anonymous_116)
FN:826,(anonymous_117)
FN:833,(anonymous_118)
FN:837,(anonymous_119)
FN:840,(anonymous_120)
FN:846,(anonymous_121)
FN:858,(anonymous_122)
FN:872,(anonymous_123)
FN:879,(anonymous_124)
FN:884,(anonymous_125)
FN:893,(anonymous_126)
FN:899,(anonymous_127)
FN:908,(anonymous_128)
FN:921,(anonymous_129)
FN:939,(anonymous_130)
FN:944,(anonymous_131)
FNF:131
FNH:23
FNDA:0,(anonymous_1)
FNDA:0,(anonymous_2)
FNDA:0,(anonymous_3)
FNDA:0,(anonymous_4)
FNDA:3,(anonymous_5)
FNDA:2,(anonymous_6)
FNDA:10,(anonymous_7)
FNDA:9,(anonymous_8)
FNDA:24,(anonymous_9)
FNDA:16,(anonymous_10)
FNDA:13,(anonymous_11)
FNDA:2,(anonymous_12)
FNDA:4,(anonymous_13)
FNDA:2,(anonymous_14)
FNDA:2,(anonymous_15)
FNDA:8,(anonymous_16)
FNDA:1,(anonymous_17)
FNDA:3,(anonymous_18)
FNDA:0,(anonymous_19)
FNDA:0,(anonymous_20)
FNDA:0,(anonymous_21)
FNDA:1,(anonymous_22)
FNDA:2,(anonymous_23)
FNDA:1,(anonymous_24)
FNDA:3,(anonymous_25)
FNDA:0,(anonymous_26)
FNDA:0,(anonymous_27)
FNDA:0,(anonymous_28)
FNDA:0,(anonymous_29)
FNDA:2,(anonymous_30)
FNDA:0,(anonymous_31)
FNDA:0,(anonymous_32)
FNDA:0,(anonymous_33)
FNDA:0,(anonymous_34)
FNDA:0,(anonymous_35)
FNDA:0,(anonymous_36)
FNDA:0,(anonymous_37)
FNDA:0,(anonymous_38)
FNDA:2,(anonymous_39)
FNDA:0,(anonymous_40)
FNDA:0,(anonymous_41)
FNDA:0,(anonymous_42)
FNDA:0,(anonymous_43)
FNDA:0,(anonymous_44)
FNDA:0,(anonymous_45)
FNDA:0,(anonymous_46)
FNDA:0,(anonymous_47)
FNDA:0,(anonymous_48)
FNDA:0,(anonymous_49)
FNDA:0,(anonymous_50)
FNDA:0,(anonymous_51)
FNDA:0,(anonymous_52)
FNDA:0,(anonymous_53)
FNDA:0,(anonymous_54)
FNDA:0,(anonymous_55)
FNDA:0,(anonymous_56)
FNDA:0,(anonymous_57)
FNDA:0,(anonymous_58)
FNDA:0,(anonymous_59)
FNDA:0,(anonymous_60)
FNDA:0,(anonymous_61)
FNDA:0,(anonymous_62)
FNDA:0,(anonymous_63)
FNDA:0,(anonymous_64)
FNDA:0,(anonymous_65)
FNDA:0,(anonymous_66)
FNDA:0,(anonymous_67)
FNDA:0,(anonymous_68)
FNDA:0,(anonymous_69)
FNDA:0,(anonymous_70)
FNDA:0,(anonymous_71)
FNDA:0,(anonymous_72)
FNDA:0,(anonymous_73)
FNDA:0,(anonymous_74)
FNDA:0,(anonymous_75)
FNDA:0,(anonymous_76)
FNDA:0,(anonymous_77)
FNDA:0,(anonymous_78)
FNDA:0,(anonymous_79)
FNDA:0,(anonymous_80)
FNDA:0,(anonymous_81)
FNDA:0,(anonymous_82)
FNDA:0,(anonymous_83)
FNDA:0,(anonymous_84)
FNDA:0,(anonymous_85)
FNDA:0,(anonymous_86)
FNDA:0,(anonymous_87)
FNDA:0,(anonymous_88)
FNDA:0,(anonymous_89)
FNDA:0,(anonymous_90)
FNDA:1,(anonymous_91)
FNDA:1,(anonymous_92)
FNDA:0,(anonymous_93)
FNDA:0,(anonymous_94)
FNDA:0,(anonymous_95)
FNDA:0,(anonymous_96)
FNDA:0,(anonymous_97)
FNDA:0,(anonymous_98)
FNDA:0,(anonymous_99)
FNDA:0,(anonymous_100)
FNDA:0,(anonymous_101)
FNDA:0,(anonymous_102)
FNDA:0,(anonymous_103)
FNDA:0,(anonymous_104)
FNDA:0,(anonymous_105)
FNDA:0,(anonymous_106)
FNDA:0,(anonymous_107)
FNDA:0,(anonymous_108)
FNDA:0,(anonymous_109)
FNDA:1,(anonymous_110)
FNDA:0,(anonymous_111)
FNDA:0,(anonymous_112)
FNDA:0,(anonymous_113)
FNDA:0,(anonymous_114)
FNDA:0,(anonymous_115)
FNDA:0,(anonymous_116)
FNDA:0,(anonymous_117)
FNDA:0,(anonymous_118)
FNDA:0,(anonymous_119)
FNDA:0,(anonymous_120)
FNDA:0,(anonymous_121)
FNDA:0,(anonymous_122)
FNDA:0,(anonymous_123)
FNDA:0,(anonymous_124)
FNDA:0,(anonymous_125)
FNDA:0,(anonymous_126)
FNDA:0,(anonymous_127)
FNDA:0,(anonymous_128)
FNDA:0,(anonymous_129)
FNDA:0,(anonymous_130)
FNDA:0,(anonymous_131)
DA:1,1
DA:2,1
DA:3,1
DA:4,1
DA:6,1
DA:11,1
DA:12,1
DA:13,0
DA:14,0
DA:16,1
DA:17,0
DA:23,1
DA:24,1
DA:25,0
DA:26,0
DA:28,1
DA:29,0
DA:36,1
DA:37,3
DA:38,2
DA:40,1
DA:42,2
DA:43,2
DA:46,1
DA:48,1
DA:49,1
DA:51,1
DA:52,10
DA:53,9
DA:54,9
DA:56,9
DA:57,24
DA:59,9
DA:60,0
DA:62,9
DA:63,15
DA:64,15
DA:65,0
DA:67,15
DA:68,6
DA:69,0
DA:74,9
DA:78,1
DA:79,16
DA:83,1
DA:84,13
DA:88,1
DA:89,2
DA:93,1
DA:94,4
DA:98,1
DA:99,2
DA:103,1
DA:104,2
DA:108,1
DA:109,8
DA:113,1
DA:114,1
DA:115,3
DA:116,5
DA:118,1
DA:122,1
DA:123,0
DA:124,0
DA:125,0
DA:126,0
DA:130,0
DA:131,0
DA:132,0
DA:138,1
DA:139,1
DA:140,2
DA:145,1
DA:146,1
DA:147,3
DA:148,2
DA:149,8
DA:151,1
DA:153,1
DA:160,1
DA:161,0
DA:162,0
DA:163,0
DA:164,0
DA:165,0
DA:167,0
DA:169,0
DA:172,1
DA:173,0
DA:174,0
DA:176,0
DA:181,1
DA:182,0
DA:183,0
DA:188,1
DA:189,2
DA:190,1
DA:191,0
DA:192,0
DA:194,0
DA:195,0
DA:196,0
DA:197,0
DA:200,0
DA:201,0
DA:204,0
DA:212,1
DA:213,1
DA:214,0
DA:215,0
DA:217,1
DA:218,0
DA:220,1
DA:221,0
DA:222,0
DA:223,0
DA:224,0
DA:231,1
DA:232,1
DA:233,0
DA:234,0
DA:236,1
DA:237,0
DA:245,1
DA:249,1
DA:250,0
DA:255,1
DA:256,0
DA:263,1
DA:264,1
DA:265,0
DA:266,0
DA:267,0
DA:269,1
DA:270,2
DA:271,2
DA:273,1
DA:274,0
DA:276,1
DA:277,0
DA:279,1
DA:280,0
DA:281,0
DA:282,0
DA:284,1
DA:285,0
DA:286,0
DA:288,1
DA:289,0
DA:290,0
DA:291,0
DA:292,0
DA:299,1
DA:300,1
DA:301,0
DA:303,0
DA:305,1
DA:311,1
DA:312,1
DA:313,0
DA:314,0
DA:316,1
DA:322,1
DA:323,1
DA:324,0
DA:325,0
DA:327,1
DA:333,1
DA:334,1
DA:335,0
DA:336,0
DA:338,1
DA:344,1
DA:345,1
DA:346,0
DA:347,0
DA:349,1
DA:353,1
DA:354,0
DA:362,1
DA:366,1
DA:367,0
DA:374,1
DA:381,1
DA:382,1
DA:383,0
DA:384,0
DA:386,1
DA:393,1
DA:394,1
DA:395,0
DA:396,0
DA:398,1
DA:404,1
DA:405,1
DA:406,0
DA:407,0
DA:409,1
DA:415,1
DA:416,1
DA:417,0
DA:418,0
DA:420,1
DA:423,1
DA:424,0
DA:426,1
DA:427,0
DA:435,1
DA:436,1
DA:437,0
DA:438,0
DA:440,1
DA:452,1
DA:462,1
DA:463,0
DA:472,1
DA:479,1
DA:480,1
DA:481,0
DA:482,0
DA:485,1
DA:497,1
DA:498,0
DA:514,1
DA:526,1
DA:527,0
DA:532,1
DA:539,1
DA:540,1
DA:541,0
DA:543,1
DA:548,1
DA:549,1
DA:550,0
DA:552,1
DA:566,1
DA:576,1
DA:577,0
DA:586,0
DA:590,0
DA:593,1
DA:600,1
DA:601,1
DA:602,0
DA:604,1
DA:605,0
DA:607,1
DA:615,1
DA:616,0
DA:622,1
DA:623,1
DA:630,1
DA:631,0
DA:633,1
DA:634,1
DA:641,1
DA:642,1
DA:644,1
DA:645,1
DA:647,0
DA:650,1
DA:651,1
DA:652,0
DA:653,0
DA:654,0
DA:655,0
DA:656,0
DA:658,0
DA:664,1
DA:665,0
DA:666,0
DA:669,1
DA:670,0
DA:671,0
DA:672,0
DA:674,0
DA:686,1
DA:687,0
DA:692,1
DA:693,0
DA:698,1
DA:699,0
DA:705,1
DA:713,1
DA:714,0
DA:719,1
DA:720,1
DA:721,1
DA:722,0
DA:723,0
DA:730,1
DA:731,0
DA:735,1
DA:736,0
DA:744,1
DA:745,0
DA:747,1
DA:748,1
DA:758,1
DA:763,1
DA:764,0
DA:770,1
DA:777,1
DA:778,1
DA:780,1
DA:781,0
DA:782,0
DA:783,0
DA:787,1
DA:788,1
DA:789,0
DA:796,1
DA:797,0
DA:800,1
DA:801,0
DA:803,1
DA:804,0
DA:813,1
DA:814,0
DA:820,1
DA:826,1
DA:833,1
DA:834,0
DA:835,0
DA:837,1
DA:838,0
DA:840,1
DA:846,1
DA:847,0
DA:848,0
DA:858,1
DA:859,0
DA:866,1
DA:872,1
DA:879,1
DA:880,0
DA:884,1
DA:885,0
DA:893,1
DA:894,0
DA:898,1
DA:899,1
DA:908,1
DA:909,0
DA:921,1
DA:922,0
DA:927,1
DA:939,1
DA:940,0
DA:944,1
DA:945,0
DA:946,0
DA:947,0
LF:353
LH:206
BRDA:13,0,0,0
BRDA:13,0,1,0
BRDA:25,1,0,0
BRDA:25,1,1,0
BRDA:37,2,0,1
BRDA:37,2,1,2
BRDA:48,3,0,0
BRDA:48,3,1,1
BRDA:52,4,0,1
BRDA:52,4,1,9
BRDA:57,5,0,24
BRDA:57,5,1,24
BRDA:57,5,2,24
BRDA:57,5,3,18
BRDA:57,5,4,18
BRDA:57,5,5,15
BRDA:57,5,6,9
BRDA:59,6,0,0
BRDA:59,6,1,9
BRDA:63,7,0,15
BRDA:63,7,1,0
BRDA:64,8,0,0
BRDA:64,8,1,15
BRDA:67,9,0,6
BRDA:67,9,1,9
BRDA:68,10,0,0
BRDA:68,10,1,6
BRDA:79,11,0,16
BRDA:79,11,1,16
BRDA:84,12,0,13
BRDA:84,12,1,13
BRDA:89,13,0,2
BRDA:89,13,1,2
BRDA:94,14,0,4
BRDA:94,14,1,4
BRDA:99,15,0,2
BRDA:99,15,1,2
BRDA:109,16,0,8
BRDA:109,16,1,8
BRDA:116,17,0,2
BRDA:116,17,1,3
BRDA:123,18,0,0
BRDA:123,18,1,0
BRDA:126,19,0,0
BRDA:126,19,1,0
BRDA:132,20,0,0
BRDA:132,20,1,0
BRDA:147,21,0,2
BRDA:147,21,1,1
BRDA:147,22,0,3
BRDA:147,22,1,3
BRDA:149,23,0,1
BRDA:149,23,1,7
BRDA:162,24,0,0
BRDA:162,24,1,0
BRDA:164,25,0,0
BRDA:164,25,1,0
BRDA:165,26,0,0
BRDA:165,26,1,0
BRDA:189,27,0,1
BRDA:189,27,1,1
BRDA:190,28,0,1
BRDA:190,28,1,0
BRDA:192,29,0,0
BRDA:192,29,1,0
BRDA:196,30,0,0
BRDA:196,30,1,0
BRDA:197,31,0,0
BRDA:197,31,1,0
BRDA:200,32,0,0
BRDA:200,32,1,0
BRDA:201,33,0,0
BRDA:201,33,1,0
BRDA:214,34,0,0
BRDA:214,34,1,0
BRDA:215,35,0,0
BRDA:215,35,1,0
BRDA:233,36,0,0
BRDA:233,36,1,0
BRDA:265,37,0,0
BRDA:265,37,1,0
BRDA:266,38,0,0
BRDA:266,38,1,0
BRDA:292,39,0,0
BRDA:292,39,1,0
BRDA:301,40,0,0
BRDA:301,40,1,0
BRDA:313,41,0,0
BRDA:313,41,1,0
BRDA:324,42,0,0
BRDA:324,42,1,0
BRDA:335,43,0,0
BRDA:335,43,1,0
BRDA:346,44,0,0
BRDA:346,44,1,0
BRDA:383,45,0,0
BRDA:383,45,1,0
BRDA:395,46,0,0
BRDA:395,46,1,0
BRDA:406,47,0,0
BRDA:406,47,1,0
BRDA:417,48,0,0
BRDA:417,48,1,0
BRDA:437,49,0,0
BRDA:437,49,1,0
BRDA:577,50,0,0
BRDA:577,50,1,0
BRDA:602,51,0,0
BRDA:602,51,1,0
BRDA:642,52,0,1
BRDA:642,52,1,1
BRDA:645,53,0,1
BRDA:645,53,1,0
BRDA:781,54,0,0
BRDA:781,54,1,0
BRDA:783,55,0,0
BRDA:783,55,1,0
BRDA:783,55,2,0
BRDA:834,56,0,0
BRDA:834,56,1,0
BRDA:847,57,0,0
BRDA:847,57,1,0
BRDA:945,58,0,0
BRDA:945,58,1,0
BRDA:946,59,0,0
BRDA:946,59,1,0
BRF:126
BRH:44
end_of_record
