TN:
SF:src/protocolVersion.ts
FN:6,(anonymous_0)
FN:10,(anonymous_1)
FNF:2
FNH:0
FNDA:0,(anonymous_0)
FNDA:0,(anonymous_1)
DA:3,1
DA:4,1
DA:6,1
DA:7,0
DA:10,1
DA:11,0
LF:6
LH:4
BRF:0
BRH:0
end_of_record
TN:
SF:src/common/action.ts
FN:1,(anonymous_0)
FNF:1
FNH:0
FNDA:0,(anonymous_0)
DA:1,1
DA:7,0
DA:8,0
DA:9,0
DA:12,0
DA:13,0
LF:6
LH:1
BRDA:12,0,0,0
BRDA:12,0,1,0
BRF:2
BRH:0
end_of_record
TN:
SF:src/common/crypto_util.ts
FN:8,(anonymous_1)
FN:19,(anonymous_2)
FN:30,(anonymous_3)
FN:52,(anonymous_4)
FN:74,(anonymous_5)
FN:80,(anonymous_6)
FN:95,(anonymous_7)
FN:99,(anonymous_8)
FN:114,(anonymous_9)
FN:121,(anonymous_10)
FN:128,(anonymous_11)
FN:149,(anonymous_12)
FN:151,(anonymous_13)
FNF:13
FNH:0
FNDA:0,(anonymous_1)
FNDA:0,(anonymous_2)
FNDA:0,(anonymous_3)
FNDA:0,(anonymous_4)
FNDA:0,(anonymous_5)
FNDA:0,(anonymous_6)
FNDA:0,(anonymous_7)
FNDA:0,(anonymous_8)
FNDA:0,(anonymous_9)
FNDA:0,(anonymous_10)
FNDA:0,(anonymous_11)
FNDA:0,(anonymous_12)
FNDA:0,(anonymous_13)
DA:1,1
DA:2,1
DA:3,1
DA:5,1
DA:6,1
DA:8,1
DA:9,0
DA:10,0
DA:13,0
DA:14,0
DA:15,0
DA:19,1
DA:20,0
DA:21,0
DA:24,0
DA:25,0
DA:26,0
DA:30,1
DA:31,0
DA:32,0
DA:33,0
DA:35,0
DA:37,0
DA:38,0
DA:39,0
DA:42,0
DA:43,0
DA:46,0
DA:47,0
DA:48,0
DA:52,1
DA:53,0
DA:54,0
DA:55,0
DA:57,0
DA:59,0
DA:60,0
DA:61,0
DA:64,0
DA:65,0
DA:68,0
DA:69,0
DA:70,0
DA:74,1
DA:75,0
DA:76,0
DA:77,0
DA:80,1
DA:81,0
DA:82,0
DA:83,0
DA:85,0
DA:86,0
DA:88,0
DA:89,0
DA:90,0
DA:92,0
DA:95,1
DA:96,0
DA:99,1
DA:100,0
DA:101,0
DA:102,0
DA:104,0
DA:105,0
DA:107,0
DA:108,0
DA:109,0
DA:111,0
DA:114,1
DA:115,0
DA:116,0
DA:118,0
DA:121,1
DA:122,0
DA:123,0
DA:125,0
DA:128,1
DA:129,0
DA:142,0
DA:149,1
DA:150,0
DA:151,0
DA:152,0
DA:153,0
LF:85
LH:17
BRDA:30,0,0,0
BRDA:31,1,0,0
BRDA:31,1,1,0
BRDA:32,2,0,0
BRDA:32,2,1,0
BRDA:38,3,0,0
BRDA:38,3,1,0
BRDA:52,4,0,0
BRDA:53,5,0,0
BRDA:53,5,1,0
BRDA:54,6,0,0
BRDA:54,6,1,0
BRDA:60,7,0,0
BRDA:60,7,1,0
BRDA:82,8,0,0
BRDA:82,8,1,0
BRDA:85,9,0,0
BRDA:85,9,1,0
BRDA:89,10,0,0
BRDA:89,10,1,0
BRDA:101,11,0,0
BRDA:101,11,1,0
BRDA:104,12,0,0
BRDA:104,12,1,0
BRDA:108,13,0,0
BRDA:108,13,1,0
BRDA:115,14,0,0
BRDA:115,14,1,0
BRDA:122,15,0,0
BRDA:122,15,1,0
BRDA:149,16,0,0
BRF:31
BRH:0
end_of_record
TN:
SF:src/common/start_http_server.ts
FN:7,(anonymous_1)
FN:30,(anonymous_2)
FNF:2
FNH:0
FNDA:0,(anonymous_1)
FNDA:0,(anonymous_2)
DA:2,1
DA:3,1
DA:4,1
DA:5,1
DA:7,1
DA:11,0
DA:14,0
DA:17,0
DA:24,0
DA:26,0
DA:28,0
DA:30,0
DA:31,0
DA:33,0
DA:34,0
DA:37,1
LF:16
LH:6
BRDA:11,0,0,0
BRDA:11,0,1,0
BRDA:11,1,0,0
BRDA:11,1,1,0
BRF:4
BRH:0
end_of_record
TN:
SF:src/common/util.ts
FN:5,(anonymous_1)
FN:13,(anonymous_2)
FN:24,(anonymous_3)
FN:31,(anonymous_4)
FN:36,(anonymous_5)
FN:40,(anonymous_6)
FN:44,(anonymous_7)
FN:50,(anonymous_8)
FN:66,(anonymous_9)
FN:81,(anonymous_10)
FN:97,(anonymous_11)
FN:97,(anonymous_12)
FNF:12
FNH:1
FNDA:0,(anonymous_1)
FNDA:1,(anonymous_2)
FNDA:0,(anonymous_3)
FNDA:0,(anonymous_4)
FNDA:0,(anonymous_5)
FNDA:0,(anonymous_6)
FNDA:0,(anonymous_7)
FNDA:0,(anonymous_8)
FNDA:0,(anonymous_9)
FNDA:0,(anonymous_10)
FNDA:0,(anonymous_11)
FNDA:0,(anonymous_12)
DA:1,1
DA:2,1
DA:5,1
DA:6,0
DA:7,0
DA:8,0
DA:9,0
DA:10,0
DA:13,1
DA:14,1
DA:15,0
DA:17,1
DA:18,1
DA:19,1
DA:20,10
DA:21,1
DA:24,1
DA:25,0
DA:26,0
DA:28,0
DA:31,1
DA:32,0
DA:33,0
DA:36,1
DA:37,0
DA:40,1
DA:41,0
DA:44,1
DA:45,0
DA:46,0
DA:48,0
DA:49,0
DA:50,0
DA:53,0
DA:54,0
DA:55,0
DA:56,0
DA:58,0
DA:62,0
DA:66,1
DA:67,0
DA:70,0
DA:71,0
DA:72,0
DA:75,0
DA:76,0
DA:79,0
DA:80,0
DA:81,0
DA:84,0
DA:85,0
DA:86,0
DA:88,0
DA:92,0
DA:97,1
LF:55
LH:17
BRDA:14,0,0,0
BRDA:14,0,1,1
BRDA:25,1,0,0
BRDA:25,1,1,0
BRDA:45,2,0,0
BRDA:45,2,1,0
BRDA:48,3,0,0
BRDA:48,3,1,0
BRDA:49,4,0,0
BRDA:49,4,1,0
BRDA:67,5,0,0
BRDA:67,5,1,0
BRDA:71,6,0,0
BRDA:71,6,1,0
BRDA:79,7,0,0
BRDA:79,7,1,0
BRDA:80,8,0,0
BRDA:80,8,1,0
BRF:18
BRH:1
end_of_record
TN:
SF:src/interfaces/NodeToNodeRequest.ts
FN:13,(anonymous_1)
FN:17,(anonymous_2)
FN:20,(anonymous_3)
FN:34,(anonymous_4)
FN:55,(anonymous_5)
FN:77,(anonymous_6)
FN:100,(anonymous_7)
FN:117,(anonymous_8)
FN:126,(anonymous_9)
FN:138,(anonymous_10)
FN:148,(anonymous_11)
FN:160,(anonymous_12)
FN:171,(anonymous_13)
FN:184,(anonymous_14)
FN:195,(anonymous_15)
FN:208,(anonymous_16)
FN:218,(anonymous_17)
FN:231,(anonymous_18)
FN:241,(anonymous_19)
FN:255,(anonymous_20)
FN:268,(anonymous_21)
FN:285,(anonymous_22)
FN:301,(anonymous_23)
FN:317,(anonymous_24)
FN:331,(anonymous_25)
FNF:25
FNH:0
FNDA:0,(anonymous_1)
FNDA:0,(anonymous_2)
FNDA:0,(anonymous_3)
FNDA:0,(anonymous_4)
FNDA:0,(anonymous_5)
FNDA:0,(anonymous_6)
FNDA:0,(anonymous_7)
FNDA:0,(anonymous_8)
FNDA:0,(anonymous_9)
FNDA:0,(anonymous_10)
FNDA:0,(anonymous_11)
FNDA:0,(anonymous_12)
FNDA:0,(anonymous_13)
FNDA:0,(anonymous_14)
FNDA:0,(anonymous_15)
FNDA:0,(anonymous_16)
FNDA:0,(anonymous_17)
FNDA:0,(anonymous_18)
FNDA:0,(anonymous_19)
FNDA:0,(anonymous_20)
FNDA:0,(anonymous_21)
FNDA:0,(anonymous_22)
FNDA:0,(anonymous_23)
FNDA:0,(anonymous_24)
FNDA:0,(anonymous_25)
DA:1,1
DA:2,1
DA:3,1
DA:4,1
DA:5,1
DA:7,1
DA:13,1
DA:14,0
DA:15,0
DA:17,1
DA:18,0
DA:20,1
DA:34,1
DA:35,0
DA:55,1
DA:56,0
DA:77,1
DA:78,0
DA:100,1
DA:101,0
DA:117,1
DA:118,0
DA:126,1
DA:127,0
DA:138,1
DA:139,0
DA:148,1
DA:149,0
DA:160,1
DA:161,0
DA:171,1
DA:172,0
DA:184,1
DA:185,0
DA:195,1
DA:196,0
DA:208,1
DA:209,0
DA:218,1
DA:219,0
DA:231,1
DA:232,0
DA:241,1
DA:242,0
DA:255,1
DA:256,0
DA:268,1
DA:269,0
DA:285,1
DA:286,0
DA:301,1
DA:302,0
DA:317,1
DA:318,0
DA:331,1
DA:332,0
LF:56
LH:31
BRDA:14,0,0,0
BRDA:14,0,1,0
BRDA:87,1,0,0
BRDA:87,1,1,0
BRDA:110,2,0,0
BRDA:110,2,1,0
BRF:6
BRH:0
end_of_record
TN:
SF:src/interfaces/core.ts
FN:12,(anonymous_1)
FN:16,(anonymous_2)
FN:27,(anonymous_3)
FN:29,(anonymous_4)
FN:32,(anonymous_5)
FN:54,(anonymous_6)
FN:59,(anonymous_7)
FN:64,(anonymous_8)
FN:69,(anonymous_9)
FN:74,(anonymous_10)
FN:79,(anonymous_11)
FN:84,(anonymous_12)
FN:89,(anonymous_13)
FN:90,(anonymous_14)
FN:98,(anonymous_15)
FN:101,(anonymous_16)
FN:106,(anonymous_17)
FN:114,(anonymous_18)
FN:115,(anonymous_19)
FN:121,(anonymous_20)
FN:122,(anonymous_21)
FN:134,(anonymous_22)
FN:135,(anonymous_23)
FN:149,(anonymous_24)
FN:172,(anonymous_25)
FN:181,(anonymous_26)
FN:191,(anonymous_27)
FN:195,(anonymous_28)
FN:203,(anonymous_29)
FN:207,(anonymous_30)
FN:222,(anonymous_31)
FN:234,(anonymous_32)
FN:240,(anonymous_33)
FN:244,(anonymous_34)
FN:247,(anonymous_35)
FN:255,(anonymous_36)
FN:264,(anonymous_37)
FN:269,(anonymous_38)
FN:280,(anonymous_39)
FN:287,(anonymous_40)
FN:304,(anonymous_41)
FN:313,(anonymous_42)
FN:322,(anonymous_43)
FN:331,(anonymous_44)
FN:341,(anonymous_45)
FN:351,(anonymous_46)
FN:360,(anonymous_47)
FN:369,(anonymous_48)
FN:384,(anonymous_49)
FN:396,(anonymous_50)
FN:400,(anonymous_51)
FN:404,(anonymous_52)
FN:414,(anonymous_53)
FN:416,(anonymous_54)
FN:426,(anonymous_55)
FN:440,(anonymous_56)
FN:444,(anonymous_57)
FN:447,(anonymous_58)
FN:459,(anonymous_59)
FN:492,(anonymous_60)
FN:498,(anonymous_61)
FN:506,(anonymous_62)
FN:509,(anonymous_63)
FN:515,(anonymous_64)
FN:518,(anonymous_65)
FN:542,(anonymous_66)
FN:559,(anonymous_67)
FN:567,(anonymous_68)
FN:570,(anonymous_69)
FN:573,(anonymous_70)
FN:581,(anonymous_71)
FN:589,(anonymous_72)
FN:596,(anonymous_73)
FN:600,(anonymous_74)
FN:607,(anonymous_75)
FN:610,(anonymous_76)
FN:617,(anonymous_77)
FN:629,(anonymous_78)
FN:630,(anonymous_79)
FN:634,(anonymous_80)
FN:636,(anonymous_81)
FN:652,(anonymous_82)
FN:658,(anonymous_83)
FN:664,(anonymous_84)
FN:677,(anonymous_85)
FN:685,(anonymous_86)
FN:694,(anonymous_87)
FN:699,(anonymous_88)
FN:708,(anonymous_89)
FN:712,(anonymous_90)
FN:727,(anonymous_91)
FN:734,(anonymous_92)
FN:741,(anonymous_93)
FN:744,(anonymous_94)
FN:752,(anonymous_95)
FN:760,(anonymous_96)
FN:764,(anonymous_97)
FN:767,(anonymous_98)
FN:776,(anonymous_99)
FN:788,(anonymous_100)
FN:802,(anonymous_101)
FN:809,(anonymous_102)
FN:814,(anonymous_103)
FN:823,(anonymous_104)
FN:829,(anonymous_105)
FN:838,(anonymous_106)
FN:851,(anonymous_107)
FN:869,(anonymous_108)
FN:874,(anonymous_109)
FNF:109
FNH:57
FNDA:3,(anonymous_1)
FNDA:2,(anonymous_2)
FNDA:12,(anonymous_3)
FNDA:12,(anonymous_4)
FNDA:27,(anonymous_5)
FNDA:50,(anonymous_6)
FNDA:108,(anonymous_7)
FNDA:59,(anonymous_8)
FNDA:18,(anonymous_9)
FNDA:12,(anonymous_10)
FNDA:2,(anonymous_11)
FNDA:8,(anonymous_12)
FNDA:1,(anonymous_13)
FNDA:3,(anonymous_14)
FNDA:9,(anonymous_15)
FNDA:4,(anonymous_16)
FNDA:10,(anonymous_17)
FNDA:1,(anonymous_18)
FNDA:2,(anonymous_19)
FNDA:1,(anonymous_20)
FNDA:3,(anonymous_21)
FNDA:1,(anonymous_22)
FNDA:4,(anonymous_23)
FNDA:32,(anonymous_24)
FNDA:6,(anonymous_25)
FNDA:6,(anonymous_26)
FNDA:6,(anonymous_27)
FNDA:1,(anonymous_28)
FNDA:12,(anonymous_29)
FNDA:35,(anonymous_30)
FNDA:2,(anonymous_31)
FNDA:6,(anonymous_32)
FNDA:5,(anonymous_33)
FNDA:1,(anonymous_34)
FNDA:1,(anonymous_35)
FNDA:7,(anonymous_36)
FNDA:6,(anonymous_37)
FNDA:11,(anonymous_38)
FNDA:3,(anonymous_39)
FNDA:35,(anonymous_40)
FNDA:3,(anonymous_41)
FNDA:3,(anonymous_42)
FNDA:12,(anonymous_43)
FNDA:5,(anonymous_44)
FNDA:8,(anonymous_45)
FNDA:5,(anonymous_46)
FNDA:5,(anonymous_47)
FNDA:5,(anonymous_48)
FNDA:7,(anonymous_49)
FNDA:0,(anonymous_50)
FNDA:0,(anonymous_51)
FNDA:0,(anonymous_52)
FNDA:1,(anonymous_53)
FNDA:1,(anonymous_54)
FNDA:3,(anonymous_55)
FNDA:5,(anonymous_56)
FNDA:1,(anonymous_57)
FNDA:0,(anonymous_58)
FNDA:0,(anonymous_59)
FNDA:0,(anonymous_60)
FNDA:0,(anonymous_61)
FNDA:0,(anonymous_62)
FNDA:0,(anonymous_63)
FNDA:0,(anonymous_64)
FNDA:0,(anonymous_65)
FNDA:0,(anonymous_66)
FNDA:0,(anonymous_67)
FNDA:0,(anonymous_68)
FNDA:0,(anonymous_69)
FNDA:0,(anonymous_70)
FNDA:0,(anonymous_71)
FNDA:0,(anonymous_72)
FNDA:0,(anonymous_73)
FNDA:0,(anonymous_74)
FNDA:1,(anonymous_75)
FNDA:1,(anonymous_76)
FNDA:0,(anonymous_77)
FNDA:0,(anonymous_78)
FNDA:0,(anonymous_79)
FNDA:0,(anonymous_80)
FNDA:0,(anonymous_81)
FNDA:0,(anonymous_82)
FNDA:0,(anonymous_83)
FNDA:0,(anonymous_84)
FNDA:0,(anonymous_85)
FNDA:0,(anonymous_86)
FNDA:0,(anonymous_87)
FNDA:0,(anonymous_88)
FNDA:0,(anonymous_89)
FNDA:0,(anonymous_90)
FNDA:0,(anonymous_91)
FNDA:0,(anonymous_92)
FNDA:1,(anonymous_93)
FNDA:0,(anonymous_94)
FNDA:0,(anonymous_95)
FNDA:0,(anonymous_96)
FNDA:0,(anonymous_97)
FNDA:0,(anonymous_98)
FNDA:0,(anonymous_99)
FNDA:0,(anonymous_100)
FNDA:0,(anonymous_101)
FNDA:0,(anonymous_102)
FNDA:0,(anonymous_103)
FNDA:0,(anonymous_104)
FNDA:0,(anonymous_105)
FNDA:0,(anonymous_106)
FNDA:0,(anonymous_107)
FNDA:0,(anonymous_108)
FNDA:0,(anonymous_109)
DA:1,1
DA:2,1
DA:3,1
DA:4,1
DA:6,1
DA:12,1
DA:13,3
DA:14,2
DA:16,1
DA:18,2
DA:19,2
DA:22,1
DA:24,1
DA:25,1
DA:27,1
DA:28,12
DA:29,11
DA:30,12
DA:32,11
DA:33,27
DA:35,11
DA:36,1
DA:38,10
DA:39,16
DA:40,16
DA:41,1
DA:43,15
DA:44,6
DA:45,0
DA:50,9
DA:54,1
DA:55,50
DA:59,1
DA:60,108
DA:64,1
DA:65,59
DA:69,1
DA:70,18
DA:74,1
DA:75,12
DA:79,1
DA:80,2
DA:84,1
DA:85,8
DA:89,1
DA:90,1
DA:91,3
DA:92,5
DA:94,1
DA:98,1
DA:99,9
DA:100,1
DA:101,1
DA:102,4
DA:106,8
DA:107,10
DA:108,10
DA:114,1
DA:115,1
DA:116,2
DA:121,1
DA:122,1
DA:123,3
DA:124,2
DA:125,8
DA:127,1
DA:129,1
DA:134,1
DA:135,1
DA:136,4
DA:137,3
DA:138,3
DA:139,2
DA:141,1
DA:143,1
DA:149,1
DA:150,32
DA:151,29
DA:152,28
DA:153,53
DA:155,26
DA:156,48
DA:157,48
DA:158,44
DA:161,4
DA:162,3
DA:165,18
DA:172,1
DA:173,6
DA:174,5
DA:180,1
DA:181,1
DA:182,6
DA:183,5
DA:191,1
DA:192,6
DA:193,4
DA:195,1
DA:196,1
DA:203,1
DA:205,12
DA:206,11
DA:207,11
DA:208,35
DA:209,35
DA:214,11
DA:222,1
DA:223,2
DA:233,1
DA:234,1
DA:235,6
DA:236,5
DA:237,4
DA:238,3
DA:240,1
DA:241,5
DA:242,5
DA:244,1
DA:245,1
DA:247,1
DA:248,1
DA:255,1
DA:256,7
DA:257,6
DA:264,1
DA:265,6
DA:266,5
DA:269,1
DA:271,11
DA:272,11
DA:280,1
DA:281,3
DA:287,1
DA:288,35
DA:289,35
DA:290,35
DA:291,29
DA:292,29
DA:293,29
DA:295,35
DA:297,35
DA:304,1
DA:305,3
DA:306,2
DA:313,1
DA:314,3
DA:315,2
DA:322,1
DA:323,12
DA:324,11
DA:331,1
DA:332,5
DA:333,4
DA:341,1
DA:342,8
DA:343,7
DA:351,1
DA:352,5
DA:353,4
DA:360,1
DA:361,5
DA:362,4
DA:369,1
DA:370,5
DA:371,4
DA:384,1
DA:385,7
DA:396,1
DA:398,0
DA:400,1
DA:401,0
DA:404,1
DA:405,0
DA:414,1
DA:415,1
DA:416,1
DA:426,1
DA:427,3
DA:431,1
DA:432,2
DA:440,1
DA:441,5
DA:442,4
DA:444,1
DA:445,1
DA:447,1
DA:459,1
DA:460,0
DA:476,1
DA:480,1
DA:492,1
DA:493,0
DA:498,1
DA:505,1
DA:506,1
DA:507,0
DA:509,1
DA:514,1
DA:515,1
DA:516,0
DA:518,1
DA:532,1
DA:542,1
DA:543,0
DA:552,0
DA:556,0
DA:559,1
DA:566,1
DA:567,1
DA:568,0
DA:570,1
DA:571,0
DA:573,1
DA:581,1
DA:582,0
DA:588,1
DA:589,1
DA:596,1
DA:597,0
DA:599,1
DA:600,1
DA:607,1
DA:608,1
DA:610,1
DA:611,1
DA:613,0
DA:616,1
DA:617,1
DA:618,0
DA:619,0
DA:620,0
DA:621,0
DA:622,0
DA:624,0
DA:629,1
DA:630,0
DA:631,0
DA:634,1
DA:635,0
DA:636,0
DA:637,0
DA:639,0
DA:652,1
DA:653,0
DA:658,1
DA:659,0
DA:664,1
DA:665,0
DA:677,1
DA:678,0
DA:683,1
DA:684,1
DA:685,1
DA:686,0
DA:687,0
DA:694,1
DA:695,0
DA:699,1
DA:700,0
DA:708,1
DA:709,0
DA:711,1
DA:712,1
DA:722,1
DA:727,1
DA:728,0
DA:734,1
DA:741,1
DA:742,1
DA:744,1
DA:745,0
DA:746,0
DA:747,0
DA:751,1
DA:752,1
DA:753,0
DA:760,1
DA:761,0
DA:764,1
DA:765,0
DA:767,1
DA:768,0
DA:776,1
DA:777,0
DA:778,0
DA:788,1
DA:789,0
DA:796,1
DA:802,1
DA:809,1
DA:810,0
DA:814,1
DA:815,0
DA:823,1
DA:824,0
DA:828,1
DA:829,1
DA:838,1
DA:839,0
DA:851,1
DA:852,0
DA:857,1
DA:869,1
DA:870,0
DA:874,1
DA:875,0
DA:876,0
DA:877,0
LF:308
LH:251
BRDA:13,0,0,1
BRDA:13,0,1,2
BRDA:24,1,0,0
BRDA:24,1,1,1
BRDA:28,2,0,1
BRDA:28,2,1,11
BRDA:33,3,0,27
BRDA:33,3,1,27
BRDA:33,3,2,27
BRDA:33,3,3,21
BRDA:33,3,4,21
BRDA:33,3,5,18
BRDA:33,3,6,12
BRDA:35,4,0,1
BRDA:35,4,1,10
BRDA:39,5,0,16
BRDA:39,5,1,0
BRDA:40,6,0,1
BRDA:40,6,1,15
BRDA:43,7,0,6
BRDA:43,7,1,9
BRDA:44,8,0,0
BRDA:44,8,1,6
BRDA:55,9,0,50
BRDA:55,9,1,50
BRDA:60,10,0,108
BRDA:60,10,1,107
BRDA:65,11,0,59
BRDA:65,11,1,59
BRDA:70,12,0,18
BRDA:70,12,1,18
BRDA:75,13,0,12
BRDA:75,13,1,12
BRDA:85,14,0,8
BRDA:85,14,1,8
BRDA:92,15,0,2
BRDA:92,15,1,3
BRDA:99,16,0,1
BRDA:99,16,1,8
BRDA:102,17,0,4
BRDA:102,17,1,3
BRDA:108,18,0,10
BRDA:108,18,1,6
BRDA:123,19,0,2
BRDA:123,19,1,1
BRDA:123,20,0,3
BRDA:123,20,1,3
BRDA:125,21,0,1
BRDA:125,21,1,7
BRDA:136,22,0,3
BRDA:136,22,1,1
BRDA:138,23,0,1
BRDA:138,23,1,2
BRDA:139,24,0,1
BRDA:139,24,1,1
BRDA:150,25,0,3
BRDA:150,25,1,29
BRDA:151,26,0,1
BRDA:151,26,1,28
BRDA:153,27,0,2
BRDA:153,27,1,51
BRDA:157,28,0,44
BRDA:157,28,1,4
BRDA:158,29,0,6
BRDA:158,29,1,38
BRDA:161,30,0,1
BRDA:161,30,1,3
BRDA:162,31,0,1
BRDA:162,31,1,2
BRDA:173,32,0,1
BRDA:173,32,1,5
BRDA:182,33,0,1
BRDA:182,33,1,5
BRDA:192,34,0,2
BRDA:192,34,1,4
BRDA:193,35,0,4
BRDA:193,35,1,3
BRDA:205,36,0,1
BRDA:205,36,1,11
BRDA:208,37,0,2
BRDA:208,37,1,33
BRDA:209,38,0,8
BRDA:209,38,1,27
BRDA:235,39,0,1
BRDA:235,39,1,5
BRDA:236,40,0,1
BRDA:236,40,1,4
BRDA:237,41,0,1
BRDA:237,41,1,3
BRDA:256,42,0,1
BRDA:256,42,1,6
BRDA:265,43,0,1
BRDA:265,43,1,5
BRDA:290,44,0,29
BRDA:290,44,1,6
BRDA:305,45,0,1
BRDA:305,45,1,2
BRDA:314,46,0,1
BRDA:314,46,1,2
BRDA:323,47,0,1
BRDA:323,47,1,11
BRDA:332,48,0,1
BRDA:332,48,1,4
BRDA:342,49,0,1
BRDA:342,49,1,7
BRDA:352,50,0,1
BRDA:352,50,1,4
BRDA:361,51,0,1
BRDA:361,51,1,4
BRDA:370,52,0,1
BRDA:370,52,1,4
BRDA:427,53,0,1
BRDA:427,53,1,2
BRDA:441,54,0,1
BRDA:441,54,1,4
BRDA:543,55,0,0
BRDA:543,55,1,0
BRDA:568,56,0,0
BRDA:568,56,1,0
BRDA:608,57,0,1
BRDA:608,57,1,1
BRDA:611,58,0,1
BRDA:611,58,1,0
BRDA:745,59,0,0
BRDA:745,59,1,0
BRDA:747,60,0,0
BRDA:747,60,1,0
BRDA:747,60,2,0
BRDA:777,61,0,0
BRDA:777,61,1,0
BRDA:875,62,0,0
BRDA:875,62,1,0
BRDA:876,63,0,0
BRDA:876,63,1,0
BRF:134
BRH:115
end_of_record
TN:
SF:src/services/PublicApiServer.ts
FN:35,(anonymous_3)
FN:53,(anonymous_4)
FN:62,(anonymous_5)
FN:67,(anonymous_6)
FN:69,(anonymous_7)
FN:71,(anonymous_8)
FN:76,(anonymous_9)
FN:78,(anonymous_10)
FN:80,(anonymous_11)
FN:86,(anonymous_12)
FN:98,(anonymous_13)
FN:100,(anonymous_14)
FN:106,(anonymous_15)
FN:114,(anonymous_16)
FN:122,(anonymous_17)
FN:130,(anonymous_18)
FN:144,(anonymous_19)
FN:150,(anonymous_20)
FN:153,(anonymous_21)
FN:161,(anonymous_22)
FN:164,(anonymous_23)
FN:167,(anonymous_24)
FN:177,(anonymous_25)
FN:182,(anonymous_26)
FN:199,(anonymous_27)
FN:201,(anonymous_28)
FNF:26
FNH:0
FNDA:0,(anonymous_3)
FNDA:0,(anonymous_4)
FNDA:0,(anonymous_5)
FNDA:0,(anonymous_6)
FNDA:0,(anonymous_7)
FNDA:0,(anonymous_8)
FNDA:0,(anonymous_9)
FNDA:0,(anonymous_10)
FNDA:0,(anonymous_11)
FNDA:0,(anonymous_12)
FNDA:0,(anonymous_13)
FNDA:0,(anonymous_14)
FNDA:0,(anonymous_15)
FNDA:0,(anonymous_16)
FNDA:0,(anonymous_17)
FNDA:0,(anonymous_18)
FNDA:0,(anonymous_19)
FNDA:0,(anonymous_20)
FNDA:0,(anonymous_21)
FNDA:0,(anonymous_22)
FNDA:0,(anonymous_23)
FNDA:0,(anonymous_24)
FNDA:0,(anonymous_25)
FNDA:0,(anonymous_26)
FNDA:0,(anonymous_27)
FNDA:0,(anonymous_28)
DA:1,1
DA:3,1
DA:4,1
DA:5,1
DA:6,1
DA:7,1
DA:9,1
DA:35,1
DA:36,0
DA:47,1
DA:48,0
DA:49,0
DA:50,0
DA:51,0
DA:54,0
DA:55,0
DA:56,0
DA:58,0
DA:60,0
DA:62,0
DA:63,0
DA:67,0
DA:69,0
DA:70,0
DA:72,0
DA:76,0
DA:78,0
DA:79,0
DA:81,0
DA:86,0
DA:87,0
DA:88,0
DA:89,0
DA:90,0
DA:92,0
DA:94,0
DA:99,0
DA:101,0
DA:106,0
DA:107,0
DA:108,0
DA:110,0
DA:115,0
DA:116,0
DA:118,0
DA:119,0
DA:121,0
DA:123,0
DA:126,0
DA:131,0
DA:140,0
DA:141,0
DA:145,0
DA:146,0
DA:147,0
DA:151,0
DA:152,0
DA:153,0
DA:154,0
DA:155,0
DA:161,0
DA:162,0
DA:164,0
DA:165,0
DA:167,0
DA:168,0
DA:169,0
DA:170,0
DA:171,0
DA:174,0
DA:177,0
DA:178,0
DA:183,0
DA:184,0
DA:185,0
DA:188,0
DA:190,0
DA:191,0
DA:192,0
DA:195,0
DA:200,0
DA:202,0
DA:205,0
LF:83
LH:9
BRDA:53,0,0,0
BRDA:88,1,0,0
BRDA:88,1,1,0
BRDA:115,2,0,0
BRDA:115,2,1,0
BRDA:118,3,0,0
BRDA:118,3,1,0
BRDA:140,4,0,0
BRDA:140,4,1,0
BRDA:146,5,0,0
BRDA:146,5,1,0
BRDA:168,6,0,0
BRDA:168,6,1,0
BRF:13
BRH:0
end_of_record
