{"/home/jsoules/src/kachery-p2p/daemon/src/interfaces/core.ts":{"path":"/home/jsoules/src/kachery-p2p/daemon/src/interfaces/core.ts","statementMap":{"0":{"start":{"line":2,"column":22},"end":{"line":4,"column":1}},"1":{"start":{"line":3,"column":4},"end":{"line":3,"column":62}},"2":{"start":{"line":5,"column":0},"end":{"line":5,"column":62}},"3":{"start":{"line":6,"column":0},"end":{"line":6,"column":2915}},"4":{"start":{"line":7,"column":17},"end":{"line":7,"column":51}},"5":{"start":{"line":8,"column":22},"end":{"line":8,"column":54}},"6":{"start":{"line":9,"column":15},"end":{"line":9,"column":40}},"7":{"start":{"line":10,"column":28},"end":{"line":10,"column":58}},"8":{"start":{"line":11,"column":0},"end":{"line":11,"column":20}},"9":{"start":{"line":12,"column":0},"end":{"line":12,"column":60}},"10":{"start":{"line":13,"column":0},"end":{"line":17,"column":2}},"11":{"start":{"line":14,"column":4},"end":{"line":15,"column":21}},"12":{"start":{"line":15,"column":8},"end":{"line":15,"column":21}},"13":{"start":{"line":16,"column":4},"end":{"line":16,"column":49}},"14":{"start":{"line":18,"column":0},"end":{"line":20,"column":2}},"15":{"start":{"line":19,"column":4},"end":{"line":19,"column":80}},"16":{"start":{"line":21,"column":0},"end":{"line":21,"column":56}},"17":{"start":{"line":22,"column":0},"end":{"line":26,"column":2}},"18":{"start":{"line":23,"column":4},"end":{"line":24,"column":21}},"19":{"start":{"line":24,"column":8},"end":{"line":24,"column":21}},"20":{"start":{"line":25,"column":4},"end":{"line":25,"column":50}},"21":{"start":{"line":27,"column":0},"end":{"line":29,"column":2}},"22":{"start":{"line":28,"column":4},"end":{"line":28,"column":76}},"23":{"start":{"line":30,"column":0},"end":{"line":34,"column":2}},"24":{"start":{"line":31,"column":4},"end":{"line":32,"column":21}},"25":{"start":{"line":32,"column":8},"end":{"line":32,"column":21}},"26":{"start":{"line":33,"column":4},"end":{"line":33,"column":41}},"27":{"start":{"line":35,"column":0},"end":{"line":46,"column":2}},"28":{"start":{"line":37,"column":4},"end":{"line":42,"column":5}},"29":{"start":{"line":38,"column":8},"end":{"line":38,"column":26}},"30":{"start":{"line":41,"column":8},"end":{"line":41,"column":20}},"31":{"start":{"line":43,"column":4},"end":{"line":44,"column":20}},"32":{"start":{"line":44,"column":8},"end":{"line":44,"column":20}},"33":{"start":{"line":45,"column":4},"end":{"line":45,"column":13}},"34":{"start":{"line":47,"column":0},"end":{"line":72,"column":2}},"35":{"start":{"line":48,"column":4},"end":{"line":49,"column":21}},"36":{"start":{"line":49,"column":8},"end":{"line":49,"column":21}},"37":{"start":{"line":50,"column":26},"end":{"line":52,"column":5}},"38":{"start":{"line":51,"column":8},"end":{"line":51,"column":71}},"39":{"start":{"line":53,"column":20},"end":{"line":55,"column":5}},"40":{"start":{"line":54,"column":8},"end":{"line":54,"column":174}},"41":{"start":{"line":56,"column":4},"end":{"line":58,"column":5}},"42":{"start":{"line":57,"column":8},"end":{"line":57,"column":21}},"43":{"start":{"line":59,"column":4},"end":{"line":70,"column":5}},"44":{"start":{"line":60,"column":8},"end":{"line":69,"column":9}},"45":{"start":{"line":61,"column":12},"end":{"line":63,"column":13}},"46":{"start":{"line":62,"column":16},"end":{"line":62,"column":29}},"47":{"start":{"line":64,"column":12},"end":{"line":68,"column":13}},"48":{"start":{"line":65,"column":16},"end":{"line":67,"column":17}},"49":{"start":{"line":66,"column":20},"end":{"line":66,"column":33}},"50":{"start":{"line":71,"column":4},"end":{"line":71,"column":16}},"51":{"start":{"line":74,"column":0},"end":{"line":76,"column":2}},"52":{"start":{"line":75,"column":4},"end":{"line":75,"column":53}},"53":{"start":{"line":78,"column":0},"end":{"line":80,"column":2}},"54":{"start":{"line":79,"column":4},"end":{"line":79,"column":53}},"55":{"start":{"line":82,"column":0},"end":{"line":84,"column":2}},"56":{"start":{"line":83,"column":4},"end":{"line":83,"column":55}},"57":{"start":{"line":86,"column":0},"end":{"line":88,"column":2}},"58":{"start":{"line":87,"column":4},"end":{"line":87,"column":53}},"59":{"start":{"line":90,"column":0},"end":{"line":92,"column":2}},"60":{"start":{"line":91,"column":4},"end":{"line":91,"column":53}},"61":{"start":{"line":94,"column":0},"end":{"line":96,"column":2}},"62":{"start":{"line":95,"column":4},"end":{"line":95,"column":22}},"63":{"start":{"line":98,"column":0},"end":{"line":100,"column":2}},"64":{"start":{"line":99,"column":4},"end":{"line":99,"column":54}},"65":{"start":{"line":102,"column":0},"end":{"line":110,"column":2}},"66":{"start":{"line":103,"column":4},"end":{"line":109,"column":6}},"67":{"start":{"line":104,"column":8},"end":{"line":107,"column":9}},"68":{"start":{"line":105,"column":12},"end":{"line":106,"column":28}},"69":{"start":{"line":106,"column":16},"end":{"line":106,"column":28}},"70":{"start":{"line":108,"column":8},"end":{"line":108,"column":21}},"71":{"start":{"line":111,"column":0},"end":{"line":124,"column":2}},"72":{"start":{"line":112,"column":4},"end":{"line":123,"column":5}},"73":{"start":{"line":113,"column":29},"end":{"line":113,"column":47}},"74":{"start":{"line":114,"column":8},"end":{"line":116,"column":10}},"75":{"start":{"line":115,"column":12},"end":{"line":115,"column":60}},"76":{"start":{"line":119,"column":8},"end":{"line":122,"column":10}},"77":{"start":{"line":120,"column":24},"end":{"line":120,"column":42}},"78":{"start":{"line":121,"column":12},"end":{"line":121,"column":76}},"79":{"start":{"line":126,"column":0},"end":{"line":130,"column":2}},"80":{"start":{"line":127,"column":4},"end":{"line":129,"column":6}},"81":{"start":{"line":128,"column":8},"end":{"line":128,"column":27}},"82":{"start":{"line":132,"column":0},"end":{"line":144,"column":2}},"83":{"start":{"line":133,"column":4},"end":{"line":143,"column":6}},"84":{"start":{"line":134,"column":8},"end":{"line":142,"column":25}},"85":{"start":{"line":135,"column":12},"end":{"line":138,"column":13}},"86":{"start":{"line":136,"column":16},"end":{"line":137,"column":33}},"87":{"start":{"line":137,"column":20},"end":{"line":137,"column":33}},"88":{"start":{"line":139,"column":12},"end":{"line":139,"column":24}},"89":{"start":{"line":142,"column":12},"end":{"line":142,"column":25}},"90":{"start":{"line":148,"column":19},"end":{"line":162,"column":1}},"91":{"start":{"line":149,"column":4},"end":{"line":161,"column":6}},"92":{"start":{"line":150,"column":8},"end":{"line":160,"column":25}},"93":{"start":{"line":151,"column":12},"end":{"line":156,"column":13}},"94":{"start":{"line":152,"column":16},"end":{"line":153,"column":33}},"95":{"start":{"line":153,"column":20},"end":{"line":153,"column":33}},"96":{"start":{"line":154,"column":16},"end":{"line":155,"column":33}},"97":{"start":{"line":155,"column":20},"end":{"line":155,"column":33}},"98":{"start":{"line":157,"column":12},"end":{"line":157,"column":24}},"99":{"start":{"line":160,"column":12},"end":{"line":160,"column":25}},"100":{"start":{"line":163,"column":0},"end":{"line":168,"column":2}},"101":{"start":{"line":164,"column":30},"end":{"line":164,"column":76}},"102":{"start":{"line":165,"column":4},"end":{"line":165,"column":80}},"103":{"start":{"line":167,"column":4},"end":{"line":167,"column":67}},"104":{"start":{"line":171,"column":0},"end":{"line":174,"column":2}},"105":{"start":{"line":172,"column":32},"end":{"line":172,"column":78}},"106":{"start":{"line":173,"column":4},"end":{"line":173,"column":63}},"107":{"start":{"line":175,"column":0},"end":{"line":198,"column":2}},"108":{"start":{"line":176,"column":4},"end":{"line":177,"column":21}},"109":{"start":{"line":177,"column":8},"end":{"line":177,"column":21}},"110":{"start":{"line":178,"column":4},"end":{"line":179,"column":21}},"111":{"start":{"line":179,"column":8},"end":{"line":179,"column":21}},"112":{"start":{"line":180,"column":4},"end":{"line":183,"column":5}},"113":{"start":{"line":181,"column":8},"end":{"line":182,"column":25}},"114":{"start":{"line":182,"column":12},"end":{"line":182,"column":25}},"115":{"start":{"line":184,"column":4},"end":{"line":196,"column":5}},"116":{"start":{"line":185,"column":22},"end":{"line":185,"column":29}},"117":{"start":{"line":186,"column":8},"end":{"line":195,"column":9}},"118":{"start":{"line":187,"column":12},"end":{"line":188,"column":29}},"119":{"start":{"line":188,"column":16},"end":{"line":188,"column":29}},"120":{"start":{"line":191,"column":12},"end":{"line":192,"column":29}},"121":{"start":{"line":192,"column":16},"end":{"line":192,"column":29}},"122":{"start":{"line":193,"column":12},"end":{"line":194,"column":29}},"123":{"start":{"line":194,"column":16},"end":{"line":194,"column":29}},"124":{"start":{"line":197,"column":4},"end":{"line":197,"column":16}},"125":{"start":{"line":199,"column":0},"end":{"line":199,"column":27}},"126":{"start":{"line":200,"column":0},"end":{"line":204,"column":2}},"127":{"start":{"line":201,"column":4},"end":{"line":202,"column":21}},"128":{"start":{"line":202,"column":8},"end":{"line":202,"column":21}},"129":{"start":{"line":203,"column":4},"end":{"line":203,"column":30}},"130":{"start":{"line":205,"column":0},"end":{"line":207,"column":2}},"131":{"start":{"line":206,"column":4},"end":{"line":206,"column":13}},"132":{"start":{"line":208,"column":0},"end":{"line":213,"column":2}},"133":{"start":{"line":209,"column":4},"end":{"line":209,"column":58}},"134":{"start":{"line":210,"column":4},"end":{"line":210,"column":45}},"135":{"start":{"line":211,"column":4},"end":{"line":211,"column":45}},"136":{"start":{"line":212,"column":4},"end":{"line":212,"column":45}},"137":{"start":{"line":214,"column":0},"end":{"line":214,"column":36}},"138":{"start":{"line":215,"column":0},"end":{"line":219,"column":2}},"139":{"start":{"line":216,"column":4},"end":{"line":217,"column":21}},"140":{"start":{"line":217,"column":8},"end":{"line":217,"column":21}},"141":{"start":{"line":218,"column":4},"end":{"line":218,"column":131}},"142":{"start":{"line":220,"column":0},"end":{"line":222,"column":2}},"143":{"start":{"line":221,"column":4},"end":{"line":221,"column":66}},"144":{"start":{"line":223,"column":0},"end":{"line":226,"column":2}},"145":{"start":{"line":227,"column":0},"end":{"line":232,"column":2}},"146":{"start":{"line":228,"column":4},"end":{"line":231,"column":7}},"147":{"start":{"line":233,"column":0},"end":{"line":235,"column":2}},"148":{"start":{"line":234,"column":4},"end":{"line":234,"column":64}},"149":{"start":{"line":236,"column":0},"end":{"line":236,"column":72}},"150":{"start":{"line":237,"column":0},"end":{"line":243,"column":2}},"151":{"start":{"line":238,"column":4},"end":{"line":239,"column":21}},"152":{"start":{"line":239,"column":8},"end":{"line":239,"column":21}},"153":{"start":{"line":240,"column":4},"end":{"line":241,"column":21}},"154":{"start":{"line":241,"column":8},"end":{"line":241,"column":21}},"155":{"start":{"line":242,"column":4},"end":{"line":242,"column":16}},"156":{"start":{"line":244,"column":0},"end":{"line":247,"column":2}},"157":{"start":{"line":245,"column":16},"end":{"line":245,"column":38}},"158":{"start":{"line":246,"column":4},"end":{"line":246,"column":15}},"159":{"start":{"line":248,"column":0},"end":{"line":250,"column":2}},"160":{"start":{"line":249,"column":4},"end":{"line":249,"column":13}},"161":{"start":{"line":251,"column":0},"end":{"line":253,"column":2}},"162":{"start":{"line":252,"column":4},"end":{"line":252,"column":46}},"163":{"start":{"line":254,"column":0},"end":{"line":258,"column":2}},"164":{"start":{"line":255,"column":4},"end":{"line":255,"column":68}},"165":{"start":{"line":256,"column":4},"end":{"line":256,"column":46}},"166":{"start":{"line":257,"column":4},"end":{"line":257,"column":48}},"167":{"start":{"line":259,"column":0},"end":{"line":262,"column":2}},"168":{"start":{"line":260,"column":4},"end":{"line":260,"column":51}},"169":{"start":{"line":261,"column":4},"end":{"line":261,"column":67}},"170":{"start":{"line":263,"column":0},"end":{"line":268,"column":2}},"171":{"start":{"line":264,"column":17},"end":{"line":264,"column":39}},"172":{"start":{"line":265,"column":21},"end":{"line":265,"column":29}},"173":{"start":{"line":266,"column":17},"end":{"line":266,"column":46}},"174":{"start":{"line":267,"column":4},"end":{"line":267,"column":47}},"175":{"start":{"line":269,"column":25},"end":{"line":269,"column":141}},"176":{"start":{"line":270,"column":0},"end":{"line":275,"column":2}},"177":{"start":{"line":271,"column":4},"end":{"line":272,"column":21}},"178":{"start":{"line":272,"column":8},"end":{"line":272,"column":21}},"179":{"start":{"line":274,"column":4},"end":{"line":274,"column":83}},"180":{"start":{"line":276,"column":0},"end":{"line":276,"column":94}},"181":{"start":{"line":276,"column":35},"end":{"line":276,"column":91}},"182":{"start":{"line":277,"column":26},"end":{"line":277,"column":144}},"183":{"start":{"line":278,"column":0},"end":{"line":282,"column":2}},"184":{"start":{"line":279,"column":4},"end":{"line":280,"column":21}},"185":{"start":{"line":280,"column":8},"end":{"line":280,"column":21}},"186":{"start":{"line":281,"column":4},"end":{"line":281,"column":85}},"187":{"start":{"line":283,"column":0},"end":{"line":283,"column":97}},"188":{"start":{"line":283,"column":36},"end":{"line":283,"column":94}},"189":{"start":{"line":284,"column":28},"end":{"line":284,"column":94}},"190":{"start":{"line":285,"column":0},"end":{"line":289,"column":2}},"191":{"start":{"line":286,"column":4},"end":{"line":287,"column":21}},"192":{"start":{"line":287,"column":8},"end":{"line":287,"column":21}},"193":{"start":{"line":288,"column":4},"end":{"line":288,"column":38}},"194":{"start":{"line":290,"column":0},"end":{"line":290,"column":103}},"195":{"start":{"line":290,"column":38},"end":{"line":290,"column":100}},"196":{"start":{"line":291,"column":29},"end":{"line":291,"column":95}},"197":{"start":{"line":292,"column":0},"end":{"line":296,"column":2}},"198":{"start":{"line":293,"column":4},"end":{"line":294,"column":21}},"199":{"start":{"line":294,"column":8},"end":{"line":294,"column":21}},"200":{"start":{"line":295,"column":4},"end":{"line":295,"column":38}},"201":{"start":{"line":297,"column":0},"end":{"line":297,"column":106}},"202":{"start":{"line":297,"column":39},"end":{"line":297,"column":103}},"203":{"start":{"line":298,"column":24},"end":{"line":298,"column":66}},"204":{"start":{"line":299,"column":0},"end":{"line":303,"column":2}},"205":{"start":{"line":300,"column":4},"end":{"line":301,"column":21}},"206":{"start":{"line":301,"column":8},"end":{"line":301,"column":21}},"207":{"start":{"line":302,"column":4},"end":{"line":302,"column":41}},"208":{"start":{"line":304,"column":0},"end":{"line":304,"column":118}},"209":{"start":{"line":304,"column":34},"end":{"line":304,"column":115}},"210":{"start":{"line":306,"column":0},"end":{"line":308,"column":2}},"211":{"start":{"line":307,"column":4},"end":{"line":307,"column":59}},"212":{"start":{"line":309,"column":23},"end":{"line":312,"column":1}},"213":{"start":{"line":313,"column":0},"end":{"line":320,"column":2}},"214":{"start":{"line":314,"column":4},"end":{"line":317,"column":7}},"215":{"start":{"line":321,"column":0},"end":{"line":321,"column":90}},"216":{"start":{"line":321,"column":35},"end":{"line":321,"column":87}},"217":{"start":{"line":322,"column":0},"end":{"line":322,"column":94}},"218":{"start":{"line":323,"column":0},"end":{"line":327,"column":2}},"219":{"start":{"line":324,"column":4},"end":{"line":325,"column":21}},"220":{"start":{"line":325,"column":8},"end":{"line":325,"column":21}},"221":{"start":{"line":326,"column":4},"end":{"line":326,"column":39}},"222":{"start":{"line":328,"column":0},"end":{"line":328,"column":102}},"223":{"start":{"line":328,"column":35},"end":{"line":328,"column":99}},"224":{"start":{"line":329,"column":0},"end":{"line":329,"column":91}},"225":{"start":{"line":330,"column":0},"end":{"line":334,"column":2}},"226":{"start":{"line":331,"column":4},"end":{"line":332,"column":21}},"227":{"start":{"line":332,"column":8},"end":{"line":332,"column":21}},"228":{"start":{"line":333,"column":4},"end":{"line":333,"column":39}},"229":{"start":{"line":335,"column":0},"end":{"line":335,"column":93}},"230":{"start":{"line":335,"column":32},"end":{"line":335,"column":90}},"231":{"start":{"line":336,"column":0},"end":{"line":336,"column":52}},"232":{"start":{"line":337,"column":0},"end":{"line":341,"column":2}},"233":{"start":{"line":338,"column":4},"end":{"line":339,"column":21}},"234":{"start":{"line":339,"column":8},"end":{"line":339,"column":21}},"235":{"start":{"line":340,"column":4},"end":{"line":340,"column":50}},"236":{"start":{"line":342,"column":0},"end":{"line":342,"column":108}},"237":{"start":{"line":342,"column":37},"end":{"line":342,"column":105}},"238":{"start":{"line":343,"column":0},"end":{"line":343,"column":91}},"239":{"start":{"line":344,"column":0},"end":{"line":348,"column":2}},"240":{"start":{"line":345,"column":4},"end":{"line":346,"column":21}},"241":{"start":{"line":346,"column":8},"end":{"line":346,"column":21}},"242":{"start":{"line":347,"column":4},"end":{"line":347,"column":42}},"243":{"start":{"line":349,"column":0},"end":{"line":349,"column":93}},"244":{"start":{"line":349,"column":32},"end":{"line":349,"column":90}},"245":{"start":{"line":351,"column":0},"end":{"line":353,"column":2}},"246":{"start":{"line":352,"column":4},"end":{"line":352,"column":18}},"247":{"start":{"line":354,"column":0},"end":{"line":356,"column":2}},"248":{"start":{"line":355,"column":4},"end":{"line":355,"column":13}},"249":{"start":{"line":357,"column":0},"end":{"line":357,"column":72}},"250":{"start":{"line":358,"column":0},"end":{"line":362,"column":2}},"251":{"start":{"line":359,"column":4},"end":{"line":360,"column":21}},"252":{"start":{"line":360,"column":8},"end":{"line":360,"column":21}},"253":{"start":{"line":361,"column":4},"end":{"line":361,"column":42}},"254":{"start":{"line":363,"column":0},"end":{"line":363,"column":108}},"255":{"start":{"line":363,"column":37},"end":{"line":363,"column":105}},"256":{"start":{"line":364,"column":0},"end":{"line":373,"column":2}},"257":{"start":{"line":374,"column":0},"end":{"line":383,"column":2}},"258":{"start":{"line":375,"column":4},"end":{"line":382,"column":7}},"259":{"start":{"line":384,"column":0},"end":{"line":384,"column":96}},"260":{"start":{"line":384,"column":33},"end":{"line":384,"column":93}},"261":{"start":{"line":385,"column":0},"end":{"line":385,"column":70}},"262":{"start":{"line":386,"column":0},"end":{"line":390,"column":2}},"263":{"start":{"line":387,"column":4},"end":{"line":389,"column":7}},"264":{"start":{"line":388,"column":23},"end":{"line":388,"column":39}},"265":{"start":{"line":391,"column":0},"end":{"line":391,"column":129}},"266":{"start":{"line":391,"column":44},"end":{"line":391,"column":126}},"267":{"start":{"line":392,"column":0},"end":{"line":402,"column":2}},"268":{"start":{"line":393,"column":4},"end":{"line":401,"column":7}},"269":{"start":{"line":403,"column":0},"end":{"line":414,"column":2}},"270":{"start":{"line":415,"column":0},"end":{"line":420,"column":2}},"271":{"start":{"line":416,"column":4},"end":{"line":419,"column":7}},"272":{"start":{"line":421,"column":0},"end":{"line":421,"column":120}},"273":{"start":{"line":421,"column":41},"end":{"line":421,"column":117}},"274":{"start":{"line":423,"column":0},"end":{"line":423,"column":49}},"275":{"start":{"line":424,"column":0},"end":{"line":426,"column":2}},"276":{"start":{"line":425,"column":4},"end":{"line":425,"column":31}},"277":{"start":{"line":427,"column":0},"end":{"line":427,"column":117}},"278":{"start":{"line":427,"column":40},"end":{"line":427,"column":114}},"279":{"start":{"line":428,"column":0},"end":{"line":428,"column":65}},"280":{"start":{"line":429,"column":0},"end":{"line":431,"column":2}},"281":{"start":{"line":430,"column":4},"end":{"line":430,"column":31}},"282":{"start":{"line":432,"column":0},"end":{"line":432,"column":141}},"283":{"start":{"line":432,"column":48},"end":{"line":432,"column":138}},"284":{"start":{"line":433,"column":0},"end":{"line":442,"column":2}},"285":{"start":{"line":443,"column":0},"end":{"line":458,"column":2}},"286":{"start":{"line":444,"column":4},"end":{"line":454,"column":21}},"287":{"start":{"line":454,"column":8},"end":{"line":454,"column":21}},"288":{"start":{"line":457,"column":4},"end":{"line":457,"column":16}},"289":{"start":{"line":460,"column":0},"end":{"line":460,"column":135}},"290":{"start":{"line":460,"column":46},"end":{"line":460,"column":132}},"291":{"start":{"line":462,"column":0},"end":{"line":462,"column":68}},"292":{"start":{"line":463,"column":0},"end":{"line":465,"column":2}},"293":{"start":{"line":464,"column":4},"end":{"line":464,"column":73}},"294":{"start":{"line":466,"column":0},"end":{"line":468,"column":2}},"295":{"start":{"line":467,"column":4},"end":{"line":467,"column":13}},"296":{"start":{"line":469,"column":0},"end":{"line":469,"column":144}},"297":{"start":{"line":469,"column":49},"end":{"line":469,"column":141}},"298":{"start":{"line":470,"column":0},"end":{"line":476,"column":2}},"299":{"start":{"line":471,"column":4},"end":{"line":474,"column":7}},"300":{"start":{"line":477,"column":0},"end":{"line":477,"column":102}},"301":{"start":{"line":478,"column":0},"end":{"line":478,"column":120}},"302":{"start":{"line":478,"column":41},"end":{"line":478,"column":117}},"303":{"start":{"line":479,"column":0},"end":{"line":481,"column":2}},"304":{"start":{"line":480,"column":4},"end":{"line":480,"column":31}},"305":{"start":{"line":482,"column":0},"end":{"line":482,"column":41}},"306":{"start":{"line":483,"column":0},"end":{"line":483,"column":99}},"307":{"start":{"line":483,"column":34},"end":{"line":483,"column":96}},"308":{"start":{"line":484,"column":0},"end":{"line":486,"column":2}},"309":{"start":{"line":485,"column":4},"end":{"line":485,"column":54}},"310":{"start":{"line":487,"column":0},"end":{"line":493,"column":2}},"311":{"start":{"line":488,"column":4},"end":{"line":492,"column":5}},"312":{"start":{"line":489,"column":8},"end":{"line":489,"column":17}},"313":{"start":{"line":491,"column":8},"end":{"line":491,"column":86}},"314":{"start":{"line":494,"column":0},"end":{"line":494,"column":91}},"315":{"start":{"line":495,"column":0},"end":{"line":505,"column":2}},"316":{"start":{"line":496,"column":4},"end":{"line":496,"column":74}},"317":{"start":{"line":497,"column":4},"end":{"line":504,"column":5}},"318":{"start":{"line":498,"column":32},"end":{"line":498,"column":57}},"319":{"start":{"line":499,"column":16},"end":{"line":499,"column":53}},"320":{"start":{"line":500,"column":8},"end":{"line":500,"column":32}},"321":{"start":{"line":503,"column":8},"end":{"line":503,"column":107}},"322":{"start":{"line":508,"column":0},"end":{"line":512,"column":2}},"323":{"start":{"line":509,"column":4},"end":{"line":511,"column":8}},"324":{"start":{"line":510,"column":8},"end":{"line":510,"column":27}},"325":{"start":{"line":513,"column":0},"end":{"line":519,"column":2}},"326":{"start":{"line":514,"column":16},"end":{"line":514,"column":18}},"327":{"start":{"line":515,"column":4},"end":{"line":517,"column":7}},"328":{"start":{"line":516,"column":8},"end":{"line":516,"column":30}},"329":{"start":{"line":518,"column":4},"end":{"line":518,"column":15}},"330":{"start":{"line":520,"column":0},"end":{"line":525,"column":2}},"331":{"start":{"line":521,"column":4},"end":{"line":524,"column":6}},"332":{"start":{"line":526,"column":0},"end":{"line":531,"column":2}},"333":{"start":{"line":527,"column":4},"end":{"line":530,"column":6}},"334":{"start":{"line":532,"column":0},"end":{"line":537,"column":2}},"335":{"start":{"line":533,"column":4},"end":{"line":536,"column":7}},"336":{"start":{"line":539,"column":0},"end":{"line":539,"column":64}},"337":{"start":{"line":539,"column":37},"end":{"line":539,"column":61}},"338":{"start":{"line":540,"column":0},"end":{"line":545,"column":2}},"339":{"start":{"line":541,"column":4},"end":{"line":544,"column":7}},"340":{"start":{"line":546,"column":0},"end":{"line":546,"column":89}},"341":{"start":{"line":547,"column":0},"end":{"line":547,"column":89}},"342":{"start":{"line":548,"column":0},"end":{"line":551,"column":2}},"343":{"start":{"line":549,"column":4},"end":{"line":549,"column":90}},"344":{"start":{"line":550,"column":4},"end":{"line":550,"column":91}},"345":{"start":{"line":552,"column":0},"end":{"line":556,"column":2}},"346":{"start":{"line":553,"column":4},"end":{"line":555,"column":7}},"347":{"start":{"line":557,"column":0},"end":{"line":559,"column":2}},"348":{"start":{"line":558,"column":4},"end":{"line":558,"column":152}},"349":{"start":{"line":560,"column":0},"end":{"line":562,"column":2}},"350":{"start":{"line":561,"column":4},"end":{"line":561,"column":31}},"351":{"start":{"line":563,"column":0},"end":{"line":563,"column":63}},"352":{"start":{"line":564,"column":0},"end":{"line":564,"column":123}},"353":{"start":{"line":564,"column":42},"end":{"line":564,"column":120}},"354":{"start":{"line":565,"column":0},"end":{"line":569,"column":2}},"355":{"start":{"line":570,"column":0},"end":{"line":576,"column":2}},"356":{"start":{"line":571,"column":4},"end":{"line":575,"column":7}},"357":{"start":{"line":577,"column":0},"end":{"line":577,"column":111}},"358":{"start":{"line":577,"column":38},"end":{"line":577,"column":108}},"359":{"start":{"line":578,"column":0},"end":{"line":580,"column":2}},"360":{"start":{"line":579,"column":4},"end":{"line":579,"column":62}},"361":{"start":{"line":581,"column":0},"end":{"line":588,"column":2}},"362":{"start":{"line":582,"column":4},"end":{"line":583,"column":21}},"363":{"start":{"line":583,"column":8},"end":{"line":583,"column":21}},"364":{"start":{"line":584,"column":18},"end":{"line":584,"column":30}},"365":{"start":{"line":585,"column":4},"end":{"line":587,"column":42}},"366":{"start":{"line":589,"column":0},"end":{"line":589,"column":104}},"367":{"start":{"line":590,"column":0},"end":{"line":592,"column":2}},"368":{"start":{"line":591,"column":4},"end":{"line":591,"column":76}},"369":{"start":{"line":593,"column":0},"end":{"line":595,"column":2}},"370":{"start":{"line":594,"column":4},"end":{"line":594,"column":77}},"371":{"start":{"line":596,"column":0},"end":{"line":598,"column":2}},"372":{"start":{"line":597,"column":4},"end":{"line":597,"column":34}},"373":{"start":{"line":599,"column":0},"end":{"line":601,"column":2}},"374":{"start":{"line":600,"column":4},"end":{"line":600,"column":34}},"375":{"start":{"line":602,"column":0},"end":{"line":608,"column":2}},"376":{"start":{"line":603,"column":4},"end":{"line":607,"column":7}},"377":{"start":{"line":609,"column":0},"end":{"line":613,"column":2}},"378":{"start":{"line":615,"column":0},"end":{"line":615,"column":117}},"379":{"start":{"line":615,"column":40},"end":{"line":615,"column":114}},"380":{"start":{"line":616,"column":0},"end":{"line":620,"column":2}},"381":{"start":{"line":617,"column":4},"end":{"line":618,"column":21}},"382":{"start":{"line":618,"column":8},"end":{"line":618,"column":21}},"383":{"start":{"line":619,"column":4},"end":{"line":619,"column":38}},"384":{"start":{"line":621,"column":0},"end":{"line":623,"column":2}},"385":{"start":{"line":622,"column":4},"end":{"line":622,"column":40}},"386":{"start":{"line":624,"column":0},"end":{"line":624,"column":103}},"387":{"start":{"line":624,"column":35},"end":{"line":624,"column":100}},"388":{"start":{"line":625,"column":0},"end":{"line":629,"column":2}},"389":{"start":{"line":626,"column":4},"end":{"line":627,"column":21}},"390":{"start":{"line":627,"column":8},"end":{"line":627,"column":21}},"391":{"start":{"line":628,"column":4},"end":{"line":628,"column":51}},"392":{"start":{"line":630,"column":0},"end":{"line":637,"column":2}},"393":{"start":{"line":631,"column":4},"end":{"line":636,"column":7}},"394":{"start":{"line":638,"column":0},"end":{"line":643,"column":2}},"395":{"start":{"line":644,"column":0},"end":{"line":644,"column":135}},"396":{"start":{"line":644,"column":46},"end":{"line":644,"column":132}},"397":{"start":{"line":645,"column":0},"end":{"line":649,"column":2}},"398":{"start":{"line":646,"column":4},"end":{"line":648,"column":7}},"399":{"start":{"line":650,"column":0},"end":{"line":652,"column":2}},"400":{"start":{"line":651,"column":4},"end":{"line":651,"column":111}},"401":{"start":{"line":653,"column":0},"end":{"line":657,"column":2}},"402":{"start":{"line":654,"column":4},"end":{"line":656,"column":7}},"403":{"start":{"line":658,"column":0},"end":{"line":658,"column":73}},"404":{"start":{"line":659,"column":0},"end":{"line":659,"column":108}},"405":{"start":{"line":659,"column":37},"end":{"line":659,"column":105}},"406":{"start":{"line":660,"column":0},"end":{"line":667,"column":2}},"407":{"start":{"line":661,"column":4},"end":{"line":666,"column":7}},"408":{"start":{"line":668,"column":0},"end":{"line":673,"column":2}},"409":{"start":{"line":669,"column":4},"end":{"line":672,"column":7}},"410":{"start":{"line":674,"column":0},"end":{"line":685,"column":2}},"411":{"start":{"line":686,"column":0},"end":{"line":688,"column":2}},"412":{"start":{"line":687,"column":4},"end":{"line":687,"column":98}},"413":{"start":{"line":689,"column":0},"end":{"line":695,"column":2}},"414":{"start":{"line":690,"column":4},"end":{"line":691,"column":67}},"415":{"start":{"line":691,"column":8},"end":{"line":691,"column":67}},"416":{"start":{"line":692,"column":4},"end":{"line":693,"column":67}},"417":{"start":{"line":693,"column":8},"end":{"line":693,"column":67}},"418":{"start":{"line":694,"column":4},"end":{"line":694,"column":107}}},"fnMap":{"0":{"name":"(anonymous_0)","decl":{"start":{"line":2,"column":56},"end":{"line":2,"column":57}},"loc":{"start":{"line":2,"column":71},"end":{"line":4,"column":1}},"line":2},"1":{"name":"(anonymous_1)","decl":{"start":{"line":13,"column":28},"end":{"line":13,"column":29}},"loc":{"start":{"line":13,"column":35},"end":{"line":17,"column":1}},"line":13},"2":{"name":"(anonymous_2)","decl":{"start":{"line":18,"column":33},"end":{"line":18,"column":34}},"loc":{"start":{"line":18,"column":39},"end":{"line":20,"column":1}},"line":18},"3":{"name":"(anonymous_3)","decl":{"start":{"line":22,"column":26},"end":{"line":22,"column":27}},"loc":{"start":{"line":22,"column":33},"end":{"line":26,"column":1}},"line":22},"4":{"name":"(anonymous_4)","decl":{"start":{"line":27,"column":31},"end":{"line":27,"column":32}},"loc":{"start":{"line":27,"column":37},"end":{"line":29,"column":1}},"line":27},"5":{"name":"(anonymous_5)","decl":{"start":{"line":30,"column":23},"end":{"line":30,"column":24}},"loc":{"start":{"line":30,"column":30},"end":{"line":34,"column":1}},"line":30},"6":{"name":"(anonymous_6)","decl":{"start":{"line":35,"column":29},"end":{"line":35,"column":30}},"loc":{"start":{"line":35,"column":36},"end":{"line":46,"column":1}},"line":35},"7":{"name":"(anonymous_7)","decl":{"start":{"line":47,"column":29},"end":{"line":47,"column":30}},"loc":{"start":{"line":47,"column":38},"end":{"line":72,"column":1}},"line":47},"8":{"name":"(anonymous_8)","decl":{"start":{"line":50,"column":26},"end":{"line":50,"column":27}},"loc":{"start":{"line":50,"column":33},"end":{"line":52,"column":5}},"line":50},"9":{"name":"(anonymous_9)","decl":{"start":{"line":53,"column":20},"end":{"line":53,"column":21}},"loc":{"start":{"line":53,"column":27},"end":{"line":55,"column":5}},"line":53},"10":{"name":"(anonymous_10)","decl":{"start":{"line":74,"column":19},"end":{"line":74,"column":20}},"loc":{"start":{"line":74,"column":26},"end":{"line":76,"column":1}},"line":74},"11":{"name":"(anonymous_11)","decl":{"start":{"line":78,"column":19},"end":{"line":78,"column":20}},"loc":{"start":{"line":78,"column":26},"end":{"line":80,"column":1}},"line":78},"12":{"name":"(anonymous_12)","decl":{"start":{"line":82,"column":21},"end":{"line":82,"column":22}},"loc":{"start":{"line":82,"column":28},"end":{"line":84,"column":1}},"line":82},"13":{"name":"(anonymous_13)","decl":{"start":{"line":86,"column":19},"end":{"line":86,"column":20}},"loc":{"start":{"line":86,"column":26},"end":{"line":88,"column":1}},"line":86},"14":{"name":"(anonymous_14)","decl":{"start":{"line":90,"column":19},"end":{"line":90,"column":20}},"loc":{"start":{"line":90,"column":26},"end":{"line":92,"column":1}},"line":90},"15":{"name":"(anonymous_15)","decl":{"start":{"line":94,"column":17},"end":{"line":94,"column":18}},"loc":{"start":{"line":94,"column":24},"end":{"line":96,"column":1}},"line":94},"16":{"name":"(anonymous_16)","decl":{"start":{"line":98,"column":20},"end":{"line":98,"column":21}},"loc":{"start":{"line":98,"column":27},"end":{"line":100,"column":1}},"line":98},"17":{"name":"(anonymous_17)","decl":{"start":{"line":102,"column":18},"end":{"line":102,"column":19}},"loc":{"start":{"line":102,"column":37},"end":{"line":110,"column":1}},"line":102},"18":{"name":"(anonymous_18)","decl":{"start":{"line":103,"column":11},"end":{"line":103,"column":12}},"loc":{"start":{"line":103,"column":18},"end":{"line":109,"column":5}},"line":103},"19":{"name":"(anonymous_19)","decl":{"start":{"line":111,"column":19},"end":{"line":111,"column":20}},"loc":{"start":{"line":111,"column":43},"end":{"line":124,"column":1}},"line":111},"20":{"name":"(anonymous_20)","decl":{"start":{"line":114,"column":15},"end":{"line":114,"column":16}},"loc":{"start":{"line":114,"column":22},"end":{"line":116,"column":9}},"line":114},"21":{"name":"(anonymous_21)","decl":{"start":{"line":119,"column":15},"end":{"line":119,"column":16}},"loc":{"start":{"line":119,"column":22},"end":{"line":122,"column":9}},"line":119},"22":{"name":"(anonymous_22)","decl":{"start":{"line":126,"column":20},"end":{"line":126,"column":21}},"loc":{"start":{"line":126,"column":31},"end":{"line":130,"column":1}},"line":126},"23":{"name":"(anonymous_23)","decl":{"start":{"line":127,"column":11},"end":{"line":127,"column":12}},"loc":{"start":{"line":127,"column":18},"end":{"line":129,"column":5}},"line":127},"24":{"name":"(anonymous_24)","decl":{"start":{"line":132,"column":20},"end":{"line":132,"column":21}},"loc":{"start":{"line":132,"column":38},"end":{"line":144,"column":1}},"line":132},"25":{"name":"(anonymous_25)","decl":{"start":{"line":133,"column":11},"end":{"line":133,"column":12}},"loc":{"start":{"line":133,"column":18},"end":{"line":143,"column":5}},"line":133},"26":{"name":"(anonymous_26)","decl":{"start":{"line":148,"column":19},"end":{"line":148,"column":20}},"loc":{"start":{"line":148,"column":59},"end":{"line":162,"column":1}},"line":148},"27":{"name":"(anonymous_27)","decl":{"start":{"line":149,"column":11},"end":{"line":149,"column":12}},"loc":{"start":{"line":149,"column":18},"end":{"line":161,"column":5}},"line":149},"28":{"name":"(anonymous_28)","decl":{"start":{"line":163,"column":32},"end":{"line":163,"column":33}},"loc":{"start":{"line":163,"column":38},"end":{"line":168,"column":1}},"line":163},"29":{"name":"(anonymous_29)","decl":{"start":{"line":171,"column":45},"end":{"line":171,"column":46}},"loc":{"start":{"line":171,"column":51},"end":{"line":174,"column":1}},"line":171},"30":{"name":"(anonymous_30)","decl":{"start":{"line":175,"column":26},"end":{"line":175,"column":27}},"loc":{"start":{"line":175,"column":39},"end":{"line":198,"column":1}},"line":175},"31":{"name":"(anonymous_31)","decl":{"start":{"line":200,"column":17},"end":{"line":200,"column":18}},"loc":{"start":{"line":200,"column":24},"end":{"line":204,"column":1}},"line":200},"32":{"name":"(anonymous_32)","decl":{"start":{"line":205,"column":19},"end":{"line":205,"column":20}},"loc":{"start":{"line":205,"column":26},"end":{"line":207,"column":1}},"line":205},"33":{"name":"(anonymous_33)","decl":{"start":{"line":208,"column":22},"end":{"line":208,"column":23}},"loc":{"start":{"line":208,"column":28},"end":{"line":213,"column":1}},"line":208},"34":{"name":"(anonymous_34)","decl":{"start":{"line":215,"column":21},"end":{"line":215,"column":22}},"loc":{"start":{"line":215,"column":28},"end":{"line":219,"column":1}},"line":215},"35":{"name":"(anonymous_35)","decl":{"start":{"line":220,"column":26},"end":{"line":220,"column":27}},"loc":{"start":{"line":220,"column":32},"end":{"line":222,"column":1}},"line":220},"36":{"name":"(anonymous_36)","decl":{"start":{"line":227,"column":20},"end":{"line":227,"column":21}},"loc":{"start":{"line":227,"column":27},"end":{"line":232,"column":1}},"line":227},"37":{"name":"(anonymous_37)","decl":{"start":{"line":233,"column":25},"end":{"line":233,"column":26}},"loc":{"start":{"line":233,"column":31},"end":{"line":235,"column":1}},"line":233},"38":{"name":"(anonymous_38)","decl":{"start":{"line":237,"column":22},"end":{"line":237,"column":23}},"loc":{"start":{"line":237,"column":29},"end":{"line":243,"column":1}},"line":237},"39":{"name":"(anonymous_39)","decl":{"start":{"line":244,"column":23},"end":{"line":244,"column":24}},"loc":{"start":{"line":244,"column":29},"end":{"line":247,"column":1}},"line":244},"40":{"name":"(anonymous_40)","decl":{"start":{"line":248,"column":24},"end":{"line":248,"column":25}},"loc":{"start":{"line":248,"column":30},"end":{"line":250,"column":1}},"line":248},"41":{"name":"(anonymous_41)","decl":{"start":{"line":251,"column":23},"end":{"line":251,"column":24}},"loc":{"start":{"line":251,"column":38},"end":{"line":253,"column":1}},"line":251},"42":{"name":"(anonymous_42)","decl":{"start":{"line":254,"column":27},"end":{"line":254,"column":28}},"loc":{"start":{"line":254,"column":33},"end":{"line":258,"column":1}},"line":254},"43":{"name":"(anonymous_43)","decl":{"start":{"line":259,"column":31},"end":{"line":259,"column":32}},"loc":{"start":{"line":259,"column":37},"end":{"line":262,"column":1}},"line":259},"44":{"name":"(anonymous_44)","decl":{"start":{"line":263,"column":30},"end":{"line":263,"column":31}},"loc":{"start":{"line":263,"column":36},"end":{"line":268,"column":1}},"line":263},"45":{"name":"(anonymous_45)","decl":{"start":{"line":270,"column":22},"end":{"line":270,"column":23}},"loc":{"start":{"line":270,"column":29},"end":{"line":275,"column":1}},"line":270},"46":{"name":"(anonymous_46)","decl":{"start":{"line":276,"column":27},"end":{"line":276,"column":28}},"loc":{"start":{"line":276,"column":33},"end":{"line":276,"column":93}},"line":276},"47":{"name":"(anonymous_47)","decl":{"start":{"line":278,"column":23},"end":{"line":278,"column":24}},"loc":{"start":{"line":278,"column":30},"end":{"line":282,"column":1}},"line":278},"48":{"name":"(anonymous_48)","decl":{"start":{"line":283,"column":28},"end":{"line":283,"column":29}},"loc":{"start":{"line":283,"column":34},"end":{"line":283,"column":96}},"line":283},"49":{"name":"(anonymous_49)","decl":{"start":{"line":285,"column":25},"end":{"line":285,"column":26}},"loc":{"start":{"line":285,"column":32},"end":{"line":289,"column":1}},"line":285},"50":{"name":"(anonymous_50)","decl":{"start":{"line":290,"column":30},"end":{"line":290,"column":31}},"loc":{"start":{"line":290,"column":36},"end":{"line":290,"column":102}},"line":290},"51":{"name":"(anonymous_51)","decl":{"start":{"line":292,"column":26},"end":{"line":292,"column":27}},"loc":{"start":{"line":292,"column":33},"end":{"line":296,"column":1}},"line":292},"52":{"name":"(anonymous_52)","decl":{"start":{"line":297,"column":31},"end":{"line":297,"column":32}},"loc":{"start":{"line":297,"column":37},"end":{"line":297,"column":105}},"line":297},"53":{"name":"(anonymous_53)","decl":{"start":{"line":299,"column":21},"end":{"line":299,"column":22}},"loc":{"start":{"line":299,"column":28},"end":{"line":303,"column":1}},"line":299},"54":{"name":"(anonymous_54)","decl":{"start":{"line":304,"column":26},"end":{"line":304,"column":27}},"loc":{"start":{"line":304,"column":32},"end":{"line":304,"column":117}},"line":304},"55":{"name":"(anonymous_55)","decl":{"start":{"line":306,"column":28},"end":{"line":306,"column":29}},"loc":{"start":{"line":306,"column":40},"end":{"line":308,"column":1}},"line":306},"56":{"name":"(anonymous_56)","decl":{"start":{"line":313,"column":20},"end":{"line":313,"column":21}},"loc":{"start":{"line":313,"column":27},"end":{"line":320,"column":1}},"line":313},"57":{"name":"(anonymous_57)","decl":{"start":{"line":321,"column":27},"end":{"line":321,"column":28}},"loc":{"start":{"line":321,"column":33},"end":{"line":321,"column":89}},"line":321},"58":{"name":"(anonymous_58)","decl":{"start":{"line":323,"column":22},"end":{"line":323,"column":23}},"loc":{"start":{"line":323,"column":29},"end":{"line":327,"column":1}},"line":323},"59":{"name":"(anonymous_59)","decl":{"start":{"line":328,"column":27},"end":{"line":328,"column":28}},"loc":{"start":{"line":328,"column":33},"end":{"line":328,"column":101}},"line":328},"60":{"name":"(anonymous_60)","decl":{"start":{"line":330,"column":19},"end":{"line":330,"column":20}},"loc":{"start":{"line":330,"column":26},"end":{"line":334,"column":1}},"line":330},"61":{"name":"(anonymous_61)","decl":{"start":{"line":335,"column":24},"end":{"line":335,"column":25}},"loc":{"start":{"line":335,"column":30},"end":{"line":335,"column":92}},"line":335},"62":{"name":"(anonymous_62)","decl":{"start":{"line":337,"column":24},"end":{"line":337,"column":25}},"loc":{"start":{"line":337,"column":31},"end":{"line":341,"column":1}},"line":337},"63":{"name":"(anonymous_63)","decl":{"start":{"line":342,"column":29},"end":{"line":342,"column":30}},"loc":{"start":{"line":342,"column":35},"end":{"line":342,"column":107}},"line":342},"64":{"name":"(anonymous_64)","decl":{"start":{"line":344,"column":19},"end":{"line":344,"column":20}},"loc":{"start":{"line":344,"column":26},"end":{"line":348,"column":1}},"line":344},"65":{"name":"(anonymous_65)","decl":{"start":{"line":349,"column":24},"end":{"line":349,"column":25}},"loc":{"start":{"line":349,"column":30},"end":{"line":349,"column":92}},"line":349},"66":{"name":"(anonymous_66)","decl":{"start":{"line":351,"column":31},"end":{"line":351,"column":32}},"loc":{"start":{"line":351,"column":43},"end":{"line":353,"column":1}},"line":351},"67":{"name":"(anonymous_67)","decl":{"start":{"line":354,"column":31},"end":{"line":354,"column":32}},"loc":{"start":{"line":354,"column":38},"end":{"line":356,"column":1}},"line":354},"68":{"name":"(anonymous_68)","decl":{"start":{"line":358,"column":24},"end":{"line":358,"column":25}},"loc":{"start":{"line":358,"column":31},"end":{"line":362,"column":1}},"line":358},"69":{"name":"(anonymous_69)","decl":{"start":{"line":363,"column":29},"end":{"line":363,"column":30}},"loc":{"start":{"line":363,"column":35},"end":{"line":363,"column":107}},"line":363},"70":{"name":"(anonymous_70)","decl":{"start":{"line":374,"column":20},"end":{"line":374,"column":21}},"loc":{"start":{"line":374,"column":27},"end":{"line":383,"column":1}},"line":374},"71":{"name":"(anonymous_71)","decl":{"start":{"line":384,"column":25},"end":{"line":384,"column":26}},"loc":{"start":{"line":384,"column":31},"end":{"line":384,"column":95}},"line":384},"72":{"name":"(anonymous_72)","decl":{"start":{"line":386,"column":31},"end":{"line":386,"column":32}},"loc":{"start":{"line":386,"column":38},"end":{"line":390,"column":1}},"line":386},"73":{"name":"(anonymous_73)","decl":{"start":{"line":388,"column":16},"end":{"line":388,"column":17}},"loc":{"start":{"line":388,"column":23},"end":{"line":388,"column":39}},"line":388},"74":{"name":"(anonymous_74)","decl":{"start":{"line":391,"column":36},"end":{"line":391,"column":37}},"loc":{"start":{"line":391,"column":42},"end":{"line":391,"column":128}},"line":391},"75":{"name":"(anonymous_75)","decl":{"start":{"line":392,"column":32},"end":{"line":392,"column":33}},"loc":{"start":{"line":392,"column":39},"end":{"line":402,"column":1}},"line":392},"76":{"name":"(anonymous_76)","decl":{"start":{"line":415,"column":28},"end":{"line":415,"column":29}},"loc":{"start":{"line":415,"column":35},"end":{"line":420,"column":1}},"line":415},"77":{"name":"(anonymous_77)","decl":{"start":{"line":421,"column":33},"end":{"line":421,"column":34}},"loc":{"start":{"line":421,"column":39},"end":{"line":421,"column":119}},"line":421},"78":{"name":"(anonymous_78)","decl":{"start":{"line":424,"column":27},"end":{"line":424,"column":28}},"loc":{"start":{"line":424,"column":34},"end":{"line":426,"column":1}},"line":424},"79":{"name":"(anonymous_79)","decl":{"start":{"line":427,"column":32},"end":{"line":427,"column":33}},"loc":{"start":{"line":427,"column":38},"end":{"line":427,"column":116}},"line":427},"80":{"name":"(anonymous_80)","decl":{"start":{"line":429,"column":35},"end":{"line":429,"column":36}},"loc":{"start":{"line":429,"column":42},"end":{"line":431,"column":1}},"line":429},"81":{"name":"(anonymous_81)","decl":{"start":{"line":432,"column":40},"end":{"line":432,"column":41}},"loc":{"start":{"line":432,"column":46},"end":{"line":432,"column":140}},"line":432},"82":{"name":"(anonymous_82)","decl":{"start":{"line":443,"column":33},"end":{"line":443,"column":34}},"loc":{"start":{"line":443,"column":40},"end":{"line":458,"column":1}},"line":443},"83":{"name":"(anonymous_83)","decl":{"start":{"line":460,"column":38},"end":{"line":460,"column":39}},"loc":{"start":{"line":460,"column":44},"end":{"line":460,"column":134}},"line":460},"84":{"name":"(anonymous_84)","decl":{"start":{"line":463,"column":36},"end":{"line":463,"column":37}},"loc":{"start":{"line":463,"column":43},"end":{"line":465,"column":1}},"line":463},"85":{"name":"(anonymous_85)","decl":{"start":{"line":466,"column":50},"end":{"line":466,"column":51}},"loc":{"start":{"line":466,"column":57},"end":{"line":468,"column":1}},"line":466},"86":{"name":"(anonymous_86)","decl":{"start":{"line":469,"column":41},"end":{"line":469,"column":42}},"loc":{"start":{"line":469,"column":47},"end":{"line":469,"column":143}},"line":469},"87":{"name":"(anonymous_87)","decl":{"start":{"line":470,"column":28},"end":{"line":470,"column":29}},"loc":{"start":{"line":470,"column":35},"end":{"line":476,"column":1}},"line":470},"88":{"name":"(anonymous_88)","decl":{"start":{"line":478,"column":33},"end":{"line":478,"column":34}},"loc":{"start":{"line":478,"column":39},"end":{"line":478,"column":119}},"line":478},"89":{"name":"(anonymous_89)","decl":{"start":{"line":479,"column":21},"end":{"line":479,"column":22}},"loc":{"start":{"line":479,"column":28},"end":{"line":481,"column":1}},"line":479},"90":{"name":"(anonymous_90)","decl":{"start":{"line":483,"column":26},"end":{"line":483,"column":27}},"loc":{"start":{"line":483,"column":32},"end":{"line":483,"column":98}},"line":483},"91":{"name":"(anonymous_91)","decl":{"start":{"line":484,"column":25},"end":{"line":484,"column":26}},"loc":{"start":{"line":484,"column":32},"end":{"line":486,"column":1}},"line":484},"92":{"name":"(anonymous_92)","decl":{"start":{"line":487,"column":23},"end":{"line":487,"column":24}},"loc":{"start":{"line":487,"column":30},"end":{"line":493,"column":1}},"line":487},"93":{"name":"(anonymous_93)","decl":{"start":{"line":495,"column":30},"end":{"line":495,"column":31}},"loc":{"start":{"line":495,"column":36},"end":{"line":505,"column":1}},"line":495},"94":{"name":"(anonymous_94)","decl":{"start":{"line":508,"column":22},"end":{"line":508,"column":23}},"loc":{"start":{"line":508,"column":31},"end":{"line":512,"column":1}},"line":508},"95":{"name":"(anonymous_95)","decl":{"start":{"line":509,"column":40},"end":{"line":509,"column":41}},"loc":{"start":{"line":509,"column":45},"end":{"line":511,"column":5}},"line":509},"96":{"name":"(anonymous_96)","decl":{"start":{"line":513,"column":22},"end":{"line":513,"column":23}},"loc":{"start":{"line":513,"column":29},"end":{"line":519,"column":1}},"line":513},"97":{"name":"(anonymous_97)","decl":{"start":{"line":515,"column":14},"end":{"line":515,"column":15}},"loc":{"start":{"line":515,"column":24},"end":{"line":517,"column":5}},"line":515},"98":{"name":"(anonymous_98)","decl":{"start":{"line":520,"column":27},"end":{"line":520,"column":28}},"loc":{"start":{"line":520,"column":34},"end":{"line":525,"column":1}},"line":520},"99":{"name":"(anonymous_99)","decl":{"start":{"line":526,"column":24},"end":{"line":526,"column":25}},"loc":{"start":{"line":526,"column":31},"end":{"line":531,"column":1}},"line":526},"100":{"name":"(anonymous_100)","decl":{"start":{"line":532,"column":24},"end":{"line":532,"column":25}},"loc":{"start":{"line":532,"column":31},"end":{"line":537,"column":1}},"line":532},"101":{"name":"(anonymous_101)","decl":{"start":{"line":539,"column":29},"end":{"line":539,"column":30}},"loc":{"start":{"line":539,"column":35},"end":{"line":539,"column":63}},"line":539},"102":{"name":"(anonymous_102)","decl":{"start":{"line":540,"column":30},"end":{"line":540,"column":31}},"loc":{"start":{"line":540,"column":37},"end":{"line":545,"column":1}},"line":540},"103":{"name":"(anonymous_103)","decl":{"start":{"line":548,"column":35},"end":{"line":548,"column":36}},"loc":{"start":{"line":548,"column":41},"end":{"line":551,"column":1}},"line":548},"104":{"name":"(anonymous_104)","decl":{"start":{"line":552,"column":31},"end":{"line":552,"column":32}},"loc":{"start":{"line":552,"column":38},"end":{"line":556,"column":1}},"line":552},"105":{"name":"(anonymous_105)","decl":{"start":{"line":557,"column":36},"end":{"line":557,"column":37}},"loc":{"start":{"line":557,"column":42},"end":{"line":559,"column":1}},"line":557},"106":{"name":"(anonymous_106)","decl":{"start":{"line":560,"column":29},"end":{"line":560,"column":30}},"loc":{"start":{"line":560,"column":36},"end":{"line":562,"column":1}},"line":560},"107":{"name":"(anonymous_107)","decl":{"start":{"line":564,"column":34},"end":{"line":564,"column":35}},"loc":{"start":{"line":564,"column":40},"end":{"line":564,"column":122}},"line":564},"108":{"name":"(anonymous_108)","decl":{"start":{"line":570,"column":25},"end":{"line":570,"column":26}},"loc":{"start":{"line":570,"column":32},"end":{"line":576,"column":1}},"line":570},"109":{"name":"(anonymous_109)","decl":{"start":{"line":577,"column":30},"end":{"line":577,"column":31}},"loc":{"start":{"line":577,"column":36},"end":{"line":577,"column":110}},"line":577},"110":{"name":"(anonymous_110)","decl":{"start":{"line":578,"column":24},"end":{"line":578,"column":25}},"loc":{"start":{"line":578,"column":49},"end":{"line":580,"column":1}},"line":578},"111":{"name":"(anonymous_111)","decl":{"start":{"line":581,"column":26},"end":{"line":581,"column":27}},"loc":{"start":{"line":581,"column":33},"end":{"line":588,"column":1}},"line":581},"112":{"name":"(anonymous_112)","decl":{"start":{"line":590,"column":31},"end":{"line":590,"column":32}},"loc":{"start":{"line":590,"column":37},"end":{"line":592,"column":1}},"line":590},"113":{"name":"(anonymous_113)","decl":{"start":{"line":593,"column":27},"end":{"line":593,"column":28}},"loc":{"start":{"line":593,"column":34},"end":{"line":595,"column":1}},"line":593},"114":{"name":"(anonymous_114)","decl":{"start":{"line":596,"column":30},"end":{"line":596,"column":31}},"loc":{"start":{"line":596,"column":37},"end":{"line":598,"column":1}},"line":596},"115":{"name":"(anonymous_115)","decl":{"start":{"line":599,"column":27},"end":{"line":599,"column":28}},"loc":{"start":{"line":599,"column":34},"end":{"line":601,"column":1}},"line":599},"116":{"name":"(anonymous_116)","decl":{"start":{"line":602,"column":27},"end":{"line":602,"column":28}},"loc":{"start":{"line":602,"column":34},"end":{"line":608,"column":1}},"line":602},"117":{"name":"(anonymous_117)","decl":{"start":{"line":615,"column":32},"end":{"line":615,"column":33}},"loc":{"start":{"line":615,"column":38},"end":{"line":615,"column":116}},"line":615},"118":{"name":"(anonymous_118)","decl":{"start":{"line":616,"column":22},"end":{"line":616,"column":23}},"loc":{"start":{"line":616,"column":29},"end":{"line":620,"column":1}},"line":616},"119":{"name":"(anonymous_119)","decl":{"start":{"line":621,"column":26},"end":{"line":621,"column":27}},"loc":{"start":{"line":621,"column":32},"end":{"line":623,"column":1}},"line":621},"120":{"name":"(anonymous_120)","decl":{"start":{"line":624,"column":27},"end":{"line":624,"column":28}},"loc":{"start":{"line":624,"column":33},"end":{"line":624,"column":102}},"line":624},"121":{"name":"(anonymous_121)","decl":{"start":{"line":625,"column":37},"end":{"line":625,"column":38}},"loc":{"start":{"line":625,"column":44},"end":{"line":629,"column":1}},"line":625},"122":{"name":"(anonymous_122)","decl":{"start":{"line":630,"column":33},"end":{"line":630,"column":34}},"loc":{"start":{"line":630,"column":40},"end":{"line":637,"column":1}},"line":630},"123":{"name":"(anonymous_123)","decl":{"start":{"line":644,"column":38},"end":{"line":644,"column":39}},"loc":{"start":{"line":644,"column":44},"end":{"line":644,"column":134}},"line":644},"124":{"name":"(anonymous_124)","decl":{"start":{"line":645,"column":34},"end":{"line":645,"column":35}},"loc":{"start":{"line":645,"column":41},"end":{"line":649,"column":1}},"line":645},"125":{"name":"(anonymous_125)","decl":{"start":{"line":650,"column":39},"end":{"line":650,"column":40}},"loc":{"start":{"line":650,"column":45},"end":{"line":652,"column":1}},"line":650},"126":{"name":"(anonymous_126)","decl":{"start":{"line":653,"column":24},"end":{"line":653,"column":25}},"loc":{"start":{"line":653,"column":31},"end":{"line":657,"column":1}},"line":653},"127":{"name":"(anonymous_127)","decl":{"start":{"line":659,"column":29},"end":{"line":659,"column":30}},"loc":{"start":{"line":659,"column":35},"end":{"line":659,"column":107}},"line":659},"128":{"name":"(anonymous_128)","decl":{"start":{"line":660,"column":41},"end":{"line":660,"column":42}},"loc":{"start":{"line":660,"column":48},"end":{"line":667,"column":1}},"line":660},"129":{"name":"(anonymous_129)","decl":{"start":{"line":668,"column":37},"end":{"line":668,"column":38}},"loc":{"start":{"line":668,"column":44},"end":{"line":673,"column":1}},"line":668},"130":{"name":"(anonymous_130)","decl":{"start":{"line":686,"column":42},"end":{"line":686,"column":43}},"loc":{"start":{"line":686,"column":48},"end":{"line":688,"column":1}},"line":686},"131":{"name":"(anonymous_131)","decl":{"start":{"line":689,"column":27},"end":{"line":689,"column":28}},"loc":{"start":{"line":689,"column":39},"end":{"line":695,"column":1}},"line":689}},"branchMap":{"0":{"loc":{"start":{"line":2,"column":22},"end":{"line":4,"column":1}},"type":"binary-expr","locations":[{"start":{"line":2,"column":23},"end":{"line":2,"column":27}},{"start":{"line":2,"column":31},"end":{"line":2,"column":51}},{"start":{"line":2,"column":56},"end":{"line":4,"column":1}}],"line":2},"1":{"loc":{"start":{"line":3,"column":11},"end":{"line":3,"column":61}},"type":"cond-expr","locations":[{"start":{"line":3,"column":37},"end":{"line":3,"column":40}},{"start":{"line":3,"column":43},"end":{"line":3,"column":61}}],"line":3},"2":{"loc":{"start":{"line":3,"column":12},"end":{"line":3,"column":33}},"type":"binary-expr","locations":[{"start":{"line":3,"column":12},"end":{"line":3,"column":15}},{"start":{"line":3,"column":19},"end":{"line":3,"column":33}}],"line":3},"3":{"loc":{"start":{"line":14,"column":4},"end":{"line":15,"column":21}},"type":"if","locations":[{"start":{"line":14,"column":4},"end":{"line":15,"column":21}},{"start":{"line":14,"column":4},"end":{"line":15,"column":21}}],"line":14},"4":{"loc":{"start":{"line":23,"column":4},"end":{"line":24,"column":21}},"type":"if","locations":[{"start":{"line":23,"column":4},"end":{"line":24,"column":21}},{"start":{"line":23,"column":4},"end":{"line":24,"column":21}}],"line":23},"5":{"loc":{"start":{"line":31,"column":4},"end":{"line":32,"column":21}},"type":"if","locations":[{"start":{"line":31,"column":4},"end":{"line":32,"column":21}},{"start":{"line":31,"column":4},"end":{"line":32,"column":21}}],"line":31},"6":{"loc":{"start":{"line":43,"column":4},"end":{"line":44,"column":20}},"type":"if","locations":[{"start":{"line":43,"column":4},"end":{"line":44,"column":20}},{"start":{"line":43,"column":4},"end":{"line":44,"column":20}}],"line":43},"7":{"loc":{"start":{"line":48,"column":4},"end":{"line":49,"column":21}},"type":"if","locations":[{"start":{"line":48,"column":4},"end":{"line":49,"column":21}},{"start":{"line":48,"column":4},"end":{"line":49,"column":21}}],"line":48},"8":{"loc":{"start":{"line":54,"column":15},"end":{"line":54,"column":173}},"type":"binary-expr","locations":[{"start":{"line":54,"column":16},"end":{"line":54,"column":26}},{"start":{"line":54,"column":32},"end":{"line":54,"column":56}},{"start":{"line":54,"column":60},"end":{"line":54,"column":81}},{"start":{"line":54,"column":85},"end":{"line":54,"column":107}},{"start":{"line":54,"column":111},"end":{"line":54,"column":132}},{"start":{"line":54,"column":136},"end":{"line":54,"column":152}},{"start":{"line":54,"column":156},"end":{"line":54,"column":172}}],"line":54},"9":{"loc":{"start":{"line":56,"column":4},"end":{"line":58,"column":5}},"type":"if","locations":[{"start":{"line":56,"column":4},"end":{"line":58,"column":5}},{"start":{"line":56,"column":4},"end":{"line":58,"column":5}}],"line":56},"10":{"loc":{"start":{"line":60,"column":8},"end":{"line":69,"column":9}},"type":"if","locations":[{"start":{"line":60,"column":8},"end":{"line":69,"column":9}},{"start":{"line":60,"column":8},"end":{"line":69,"column":9}}],"line":60},"11":{"loc":{"start":{"line":61,"column":12},"end":{"line":63,"column":13}},"type":"if","locations":[{"start":{"line":61,"column":12},"end":{"line":63,"column":13}},{"start":{"line":61,"column":12},"end":{"line":63,"column":13}}],"line":61},"12":{"loc":{"start":{"line":64,"column":12},"end":{"line":68,"column":13}},"type":"if","locations":[{"start":{"line":64,"column":12},"end":{"line":68,"column":13}},{"start":{"line":64,"column":12},"end":{"line":68,"column":13}}],"line":64},"13":{"loc":{"start":{"line":65,"column":16},"end":{"line":67,"column":17}},"type":"if","locations":[{"start":{"line":65,"column":16},"end":{"line":67,"column":17}},{"start":{"line":65,"column":16},"end":{"line":67,"column":17}}],"line":65},"14":{"loc":{"start":{"line":75,"column":12},"end":{"line":75,"column":51}},"type":"binary-expr","locations":[{"start":{"line":75,"column":13},"end":{"line":75,"column":23}},{"start":{"line":75,"column":29},"end":{"line":75,"column":50}}],"line":75},"15":{"loc":{"start":{"line":79,"column":12},"end":{"line":79,"column":51}},"type":"binary-expr","locations":[{"start":{"line":79,"column":13},"end":{"line":79,"column":23}},{"start":{"line":79,"column":29},"end":{"line":79,"column":50}}],"line":79},"16":{"loc":{"start":{"line":83,"column":12},"end":{"line":83,"column":53}},"type":"binary-expr","locations":[{"start":{"line":83,"column":13},"end":{"line":83,"column":23}},{"start":{"line":83,"column":29},"end":{"line":83,"column":52}}],"line":83},"17":{"loc":{"start":{"line":87,"column":12},"end":{"line":87,"column":51}},"type":"binary-expr","locations":[{"start":{"line":87,"column":13},"end":{"line":87,"column":23}},{"start":{"line":87,"column":29},"end":{"line":87,"column":50}}],"line":87},"18":{"loc":{"start":{"line":91,"column":12},"end":{"line":91,"column":51}},"type":"binary-expr","locations":[{"start":{"line":91,"column":13},"end":{"line":91,"column":23}},{"start":{"line":91,"column":29},"end":{"line":91,"column":50}}],"line":91},"19":{"loc":{"start":{"line":99,"column":12},"end":{"line":99,"column":52}},"type":"binary-expr","locations":[{"start":{"line":99,"column":13},"end":{"line":99,"column":23}},{"start":{"line":99,"column":29},"end":{"line":99,"column":51}}],"line":99},"20":{"loc":{"start":{"line":105,"column":12},"end":{"line":106,"column":28}},"type":"if","locations":[{"start":{"line":105,"column":12},"end":{"line":106,"column":28}},{"start":{"line":105,"column":12},"end":{"line":106,"column":28}}],"line":105},"21":{"loc":{"start":{"line":112,"column":4},"end":{"line":123,"column":5}},"type":"if","locations":[{"start":{"line":112,"column":4},"end":{"line":123,"column":5}},{"start":{"line":112,"column":4},"end":{"line":123,"column":5}}],"line":112},"22":{"loc":{"start":{"line":115,"column":20},"end":{"line":115,"column":58}},"type":"binary-expr","locations":[{"start":{"line":115,"column":21},"end":{"line":115,"column":36}},{"start":{"line":115,"column":42},"end":{"line":115,"column":57}}],"line":115},"23":{"loc":{"start":{"line":121,"column":20},"end":{"line":121,"column":74}},"type":"binary-expr","locations":[{"start":{"line":121,"column":21},"end":{"line":121,"column":36}},{"start":{"line":121,"column":42},"end":{"line":121,"column":73}}],"line":121},"24":{"loc":{"start":{"line":134,"column":8},"end":{"line":142,"column":25}},"type":"if","locations":[{"start":{"line":134,"column":8},"end":{"line":142,"column":25}},{"start":{"line":134,"column":8},"end":{"line":142,"column":25}}],"line":134},"25":{"loc":{"start":{"line":134,"column":12},"end":{"line":134,"column":46}},"type":"binary-expr","locations":[{"start":{"line":134,"column":13},"end":{"line":134,"column":23}},{"start":{"line":134,"column":29},"end":{"line":134,"column":45}}],"line":134},"26":{"loc":{"start":{"line":136,"column":16},"end":{"line":137,"column":33}},"type":"if","locations":[{"start":{"line":136,"column":16},"end":{"line":137,"column":33}},{"start":{"line":136,"column":16},"end":{"line":137,"column":33}}],"line":136},"27":{"loc":{"start":{"line":150,"column":8},"end":{"line":160,"column":25}},"type":"if","locations":[{"start":{"line":150,"column":8},"end":{"line":160,"column":25}},{"start":{"line":150,"column":8},"end":{"line":160,"column":25}}],"line":150},"28":{"loc":{"start":{"line":152,"column":16},"end":{"line":153,"column":33}},"type":"if","locations":[{"start":{"line":152,"column":16},"end":{"line":153,"column":33}},{"start":{"line":152,"column":16},"end":{"line":153,"column":33}}],"line":152},"29":{"loc":{"start":{"line":154,"column":16},"end":{"line":155,"column":33}},"type":"if","locations":[{"start":{"line":154,"column":16},"end":{"line":155,"column":33}},{"start":{"line":154,"column":16},"end":{"line":155,"column":33}}],"line":154},"30":{"loc":{"start":{"line":176,"column":4},"end":{"line":177,"column":21}},"type":"if","locations":[{"start":{"line":176,"column":4},"end":{"line":177,"column":21}},{"start":{"line":176,"column":4},"end":{"line":177,"column":21}}],"line":176},"31":{"loc":{"start":{"line":178,"column":4},"end":{"line":179,"column":21}},"type":"if","locations":[{"start":{"line":178,"column":4},"end":{"line":179,"column":21}},{"start":{"line":178,"column":4},"end":{"line":179,"column":21}}],"line":178},"32":{"loc":{"start":{"line":181,"column":8},"end":{"line":182,"column":25}},"type":"if","locations":[{"start":{"line":181,"column":8},"end":{"line":182,"column":25}},{"start":{"line":181,"column":8},"end":{"line":182,"column":25}}],"line":181},"33":{"loc":{"start":{"line":186,"column":8},"end":{"line":195,"column":9}},"type":"if","locations":[{"start":{"line":186,"column":8},"end":{"line":195,"column":9}},{"start":{"line":186,"column":8},"end":{"line":195,"column":9}}],"line":186},"34":{"loc":{"start":{"line":187,"column":12},"end":{"line":188,"column":29}},"type":"if","locations":[{"start":{"line":187,"column":12},"end":{"line":188,"column":29}},{"start":{"line":187,"column":12},"end":{"line":188,"column":29}}],"line":187},"35":{"loc":{"start":{"line":191,"column":12},"end":{"line":192,"column":29}},"type":"if","locations":[{"start":{"line":191,"column":12},"end":{"line":192,"column":29}},{"start":{"line":191,"column":12},"end":{"line":192,"column":29}}],"line":191},"36":{"loc":{"start":{"line":193,"column":12},"end":{"line":194,"column":29}},"type":"if","locations":[{"start":{"line":193,"column":12},"end":{"line":194,"column":29}},{"start":{"line":193,"column":12},"end":{"line":194,"column":29}}],"line":193},"37":{"loc":{"start":{"line":201,"column":4},"end":{"line":202,"column":21}},"type":"if","locations":[{"start":{"line":201,"column":4},"end":{"line":202,"column":21}},{"start":{"line":201,"column":4},"end":{"line":202,"column":21}}],"line":201},"38":{"loc":{"start":{"line":203,"column":11},"end":{"line":203,"column":29}},"type":"binary-expr","locations":[{"start":{"line":203,"column":11},"end":{"line":203,"column":16}},{"start":{"line":203,"column":20},"end":{"line":203,"column":29}}],"line":203},"39":{"loc":{"start":{"line":216,"column":4},"end":{"line":217,"column":21}},"type":"if","locations":[{"start":{"line":216,"column":4},"end":{"line":217,"column":21}},{"start":{"line":216,"column":4},"end":{"line":217,"column":21}}],"line":216},"40":{"loc":{"start":{"line":238,"column":4},"end":{"line":239,"column":21}},"type":"if","locations":[{"start":{"line":238,"column":4},"end":{"line":239,"column":21}},{"start":{"line":238,"column":4},"end":{"line":239,"column":21}}],"line":238},"41":{"loc":{"start":{"line":240,"column":4},"end":{"line":241,"column":21}},"type":"if","locations":[{"start":{"line":240,"column":4},"end":{"line":241,"column":21}},{"start":{"line":240,"column":4},"end":{"line":241,"column":21}}],"line":240},"42":{"loc":{"start":{"line":267,"column":21},"end":{"line":267,"column":45}},"type":"binary-expr","locations":[{"start":{"line":267,"column":21},"end":{"line":267,"column":31}},{"start":{"line":267,"column":35},"end":{"line":267,"column":45}}],"line":267},"43":{"loc":{"start":{"line":271,"column":4},"end":{"line":272,"column":21}},"type":"if","locations":[{"start":{"line":271,"column":4},"end":{"line":272,"column":21}},{"start":{"line":271,"column":4},"end":{"line":272,"column":21}}],"line":271},"44":{"loc":{"start":{"line":279,"column":4},"end":{"line":280,"column":21}},"type":"if","locations":[{"start":{"line":279,"column":4},"end":{"line":280,"column":21}},{"start":{"line":279,"column":4},"end":{"line":280,"column":21}}],"line":279},"45":{"loc":{"start":{"line":286,"column":4},"end":{"line":287,"column":21}},"type":"if","locations":[{"start":{"line":286,"column":4},"end":{"line":287,"column":21}},{"start":{"line":286,"column":4},"end":{"line":287,"column":21}}],"line":286},"46":{"loc":{"start":{"line":293,"column":4},"end":{"line":294,"column":21}},"type":"if","locations":[{"start":{"line":293,"column":4},"end":{"line":294,"column":21}},{"start":{"line":293,"column":4},"end":{"line":294,"column":21}}],"line":293},"47":{"loc":{"start":{"line":300,"column":4},"end":{"line":301,"column":21}},"type":"if","locations":[{"start":{"line":300,"column":4},"end":{"line":301,"column":21}},{"start":{"line":300,"column":4},"end":{"line":301,"column":21}}],"line":300},"48":{"loc":{"start":{"line":324,"column":4},"end":{"line":325,"column":21}},"type":"if","locations":[{"start":{"line":324,"column":4},"end":{"line":325,"column":21}},{"start":{"line":324,"column":4},"end":{"line":325,"column":21}}],"line":324},"49":{"loc":{"start":{"line":331,"column":4},"end":{"line":332,"column":21}},"type":"if","locations":[{"start":{"line":331,"column":4},"end":{"line":332,"column":21}},{"start":{"line":331,"column":4},"end":{"line":332,"column":21}}],"line":331},"50":{"loc":{"start":{"line":338,"column":4},"end":{"line":339,"column":21}},"type":"if","locations":[{"start":{"line":338,"column":4},"end":{"line":339,"column":21}},{"start":{"line":338,"column":4},"end":{"line":339,"column":21}}],"line":338},"51":{"loc":{"start":{"line":345,"column":4},"end":{"line":346,"column":21}},"type":"if","locations":[{"start":{"line":345,"column":4},"end":{"line":346,"column":21}},{"start":{"line":345,"column":4},"end":{"line":346,"column":21}}],"line":345},"52":{"loc":{"start":{"line":359,"column":4},"end":{"line":360,"column":21}},"type":"if","locations":[{"start":{"line":359,"column":4},"end":{"line":360,"column":21}},{"start":{"line":359,"column":4},"end":{"line":360,"column":21}}],"line":359},"53":{"loc":{"start":{"line":444,"column":4},"end":{"line":454,"column":21}},"type":"if","locations":[{"start":{"line":444,"column":4},"end":{"line":454,"column":21}},{"start":{"line":444,"column":4},"end":{"line":454,"column":21}}],"line":444},"54":{"loc":{"start":{"line":464,"column":12},"end":{"line":464,"column":71}},"type":"binary-expr","locations":[{"start":{"line":464,"column":13},"end":{"line":464,"column":32}},{"start":{"line":464,"column":38},"end":{"line":464,"column":70}}],"line":464},"55":{"loc":{"start":{"line":485,"column":11},"end":{"line":485,"column":53}},"type":"binary-expr","locations":[{"start":{"line":485,"column":12},"end":{"line":485,"column":31}},{"start":{"line":485,"column":37},"end":{"line":485,"column":52}}],"line":485},"56":{"loc":{"start":{"line":488,"column":4},"end":{"line":492,"column":5}},"type":"if","locations":[{"start":{"line":488,"column":4},"end":{"line":492,"column":5}},{"start":{"line":488,"column":4},"end":{"line":492,"column":5}}],"line":488},"57":{"loc":{"start":{"line":582,"column":4},"end":{"line":583,"column":21}},"type":"if","locations":[{"start":{"line":582,"column":4},"end":{"line":583,"column":21}},{"start":{"line":582,"column":4},"end":{"line":583,"column":21}}],"line":582},"58":{"loc":{"start":{"line":585,"column":11},"end":{"line":587,"column":41}},"type":"binary-expr","locations":[{"start":{"line":585,"column":12},"end":{"line":585,"column":30}},{"start":{"line":586,"column":9},"end":{"line":586,"column":35}},{"start":{"line":587,"column":9},"end":{"line":587,"column":40}}],"line":585},"59":{"loc":{"start":{"line":617,"column":4},"end":{"line":618,"column":21}},"type":"if","locations":[{"start":{"line":617,"column":4},"end":{"line":618,"column":21}},{"start":{"line":617,"column":4},"end":{"line":618,"column":21}}],"line":617},"60":{"loc":{"start":{"line":626,"column":4},"end":{"line":627,"column":21}},"type":"if","locations":[{"start":{"line":626,"column":4},"end":{"line":627,"column":21}},{"start":{"line":626,"column":4},"end":{"line":627,"column":21}}],"line":626},"61":{"loc":{"start":{"line":690,"column":4},"end":{"line":691,"column":67}},"type":"if","locations":[{"start":{"line":690,"column":4},"end":{"line":691,"column":67}},{"start":{"line":690,"column":4},"end":{"line":691,"column":67}}],"line":690},"62":{"loc":{"start":{"line":692,"column":4},"end":{"line":693,"column":67}},"type":"if","locations":[{"start":{"line":692,"column":4},"end":{"line":693,"column":67}},{"start":{"line":692,"column":4},"end":{"line":693,"column":67}}],"line":692}},"s":{"0":1,"1":1,"2":1,"3":1,"4":1,"5":1,"6":1,"7":1,"8":1,"9":1,"10":1,"11":0,"12":0,"13":0,"14":1,"15":0,"16":1,"17":1,"18":0,"19":0,"20":0,"21":1,"22":0,"23":1,"24":3,"25":1,"26":2,"27":1,"28":2,"29":2,"30":1,"31":1,"32":0,"33":1,"34":1,"35":10,"36":1,"37":9,"38":9,"39":9,"40":24,"41":9,"42":0,"43":9,"44":15,"45":15,"46":0,"47":15,"48":6,"49":0,"50":9,"51":1,"52":16,"53":1,"54":13,"55":1,"56":2,"57":1,"58":4,"59":1,"60":2,"61":1,"62":2,"63":1,"64":8,"65":1,"66":1,"67":3,"68":5,"69":2,"70":1,"71":1,"72":0,"73":0,"74":0,"75":0,"76":0,"77":0,"78":0,"79":1,"80":1,"81":2,"82":1,"83":1,"84":3,"85":2,"86":8,"87":1,"88":1,"89":1,"90":1,"91":0,"92":0,"93":0,"94":0,"95":0,"96":0,"97":0,"98":0,"99":0,"100":1,"101":0,"102":0,"103":0,"104":1,"105":0,"106":0,"107":1,"108":2,"109":1,"110":1,"111":1,"112":0,"113":0,"114":0,"115":0,"116":0,"117":0,"118":0,"119":0,"120":0,"121":0,"122":0,"123":0,"124":0,"125":1,"126":1,"127":0,"128":0,"129":0,"130":1,"131":0,"132":1,"133":0,"134":0,"135":0,"136":0,"137":1,"138":1,"139":0,"140":0,"141":0,"142":1,"143":0,"144":1,"145":1,"146":0,"147":1,"148":0,"149":1,"150":1,"151":0,"152":0,"153":0,"154":0,"155":0,"156":1,"157":2,"158":2,"159":1,"160":0,"161":1,"162":0,"163":1,"164":0,"165":0,"166":0,"167":1,"168":0,"169":0,"170":1,"171":0,"172":0,"173":0,"174":0,"175":1,"176":1,"177":0,"178":0,"179":0,"180":1,"181":0,"182":1,"183":1,"184":0,"185":0,"186":0,"187":1,"188":0,"189":1,"190":1,"191":0,"192":0,"193":0,"194":1,"195":0,"196":1,"197":1,"198":0,"199":0,"200":0,"201":1,"202":0,"203":1,"204":1,"205":0,"206":0,"207":0,"208":1,"209":0,"210":1,"211":0,"212":1,"213":1,"214":0,"215":1,"216":0,"217":1,"218":1,"219":0,"220":0,"221":0,"222":1,"223":0,"224":1,"225":1,"226":0,"227":0,"228":0,"229":1,"230":0,"231":1,"232":1,"233":0,"234":0,"235":0,"236":1,"237":0,"238":1,"239":1,"240":0,"241":0,"242":0,"243":1,"244":0,"245":1,"246":0,"247":1,"248":0,"249":1,"250":1,"251":0,"252":0,"253":0,"254":1,"255":0,"256":1,"257":1,"258":0,"259":1,"260":0,"261":1,"262":1,"263":0,"264":0,"265":1,"266":0,"267":1,"268":0,"269":1,"270":1,"271":0,"272":1,"273":0,"274":1,"275":1,"276":0,"277":1,"278":0,"279":1,"280":1,"281":0,"282":1,"283":0,"284":1,"285":1,"286":0,"287":0,"288":0,"289":1,"290":0,"291":1,"292":1,"293":0,"294":1,"295":0,"296":1,"297":0,"298":1,"299":0,"300":1,"301":1,"302":0,"303":1,"304":0,"305":1,"306":1,"307":0,"308":1,"309":1,"310":1,"311":1,"312":1,"313":0,"314":1,"315":1,"316":0,"317":0,"318":0,"319":0,"320":0,"321":0,"322":1,"323":0,"324":0,"325":1,"326":0,"327":0,"328":0,"329":0,"330":1,"331":0,"332":1,"333":0,"334":1,"335":0,"336":1,"337":0,"338":1,"339":0,"340":1,"341":1,"342":1,"343":0,"344":0,"345":1,"346":0,"347":1,"348":0,"349":1,"350":0,"351":1,"352":1,"353":0,"354":1,"355":1,"356":0,"357":1,"358":0,"359":1,"360":1,"361":1,"362":0,"363":0,"364":0,"365":0,"366":1,"367":1,"368":0,"369":1,"370":0,"371":1,"372":0,"373":1,"374":0,"375":1,"376":0,"377":1,"378":1,"379":0,"380":1,"381":0,"382":0,"383":0,"384":1,"385":0,"386":1,"387":0,"388":1,"389":0,"390":0,"391":0,"392":1,"393":0,"394":1,"395":1,"396":0,"397":1,"398":0,"399":1,"400":0,"401":1,"402":0,"403":1,"404":1,"405":0,"406":1,"407":0,"408":1,"409":0,"410":1,"411":1,"412":0,"413":1,"414":0,"415":0,"416":0,"417":0,"418":0},"f":{"0":1,"1":0,"2":0,"3":0,"4":0,"5":3,"6":2,"7":10,"8":9,"9":24,"10":16,"11":13,"12":2,"13":4,"14":2,"15":2,"16":8,"17":1,"18":3,"19":0,"20":0,"21":0,"22":1,"23":2,"24":1,"25":3,"26":0,"27":0,"28":0,"29":0,"30":2,"31":0,"32":0,"33":0,"34":0,"35":0,"36":0,"37":0,"38":0,"39":2,"40":0,"41":0,"42":0,"43":0,"44":0,"45":0,"46":0,"47":0,"48":0,"49":0,"50":0,"51":0,"52":0,"53":0,"54":0,"55":0,"56":0,"57":0,"58":0,"59":0,"60":0,"61":0,"62":0,"63":0,"64":0,"65":0,"66":0,"67":0,"68":0,"69":0,"70":0,"71":0,"72":0,"73":0,"74":0,"75":0,"76":0,"77":0,"78":0,"79":0,"80":0,"81":0,"82":0,"83":0,"84":0,"85":0,"86":0,"87":0,"88":0,"89":0,"90":0,"91":1,"92":1,"93":0,"94":0,"95":0,"96":0,"97":0,"98":0,"99":0,"100":0,"101":0,"102":0,"103":0,"104":0,"105":0,"106":0,"107":0,"108":0,"109":0,"110":1,"111":0,"112":0,"113":0,"114":0,"115":0,"116":0,"117":0,"118":0,"119":0,"120":0,"121":0,"122":0,"123":0,"124":0,"125":0,"126":0,"127":0,"128":0,"129":0,"130":0,"131":0},"b":{"0":[1,1,1],"1":[0,1],"2":[1,1],"3":[0,0],"4":[0,0],"5":[1,2],"6":[0,1],"7":[1,9],"8":[24,24,24,18,18,15,9],"9":[0,9],"10":[15,0],"11":[0,15],"12":[6,9],"13":[0,6],"14":[16,16],"15":[13,13],"16":[2,2],"17":[4,4],"18":[2,2],"19":[8,8],"20":[2,3],"21":[0,0],"22":[0,0],"23":[0,0],"24":[2,1],"25":[3,3],"26":[1,7],"27":[0,0],"28":[0,0],"29":[0,0],"30":[1,1],"31":[1,0],"32":[0,0],"33":[0,0],"34":[0,0],"35":[0,0],"36":[0,0],"37":[0,0],"38":[0,0],"39":[0,0],"40":[0,0],"41":[0,0],"42":[0,0],"43":[0,0],"44":[0,0],"45":[0,0],"46":[0,0],"47":[0,0],"48":[0,0],"49":[0,0],"50":[0,0],"51":[0,0],"52":[0,0],"53":[0,0],"54":[0,0],"55":[1,1],"56":[1,0],"57":[0,0],"58":[0,0,0],"59":[0,0],"60":[0,0],"61":[0,0],"62":[0,0]},"inputSourceMap":{"version":3,"file":"/home/jsoules/src/kachery-p2p/daemon/src/interfaces/core.ts","sources":["/home/jsoules/src/kachery-p2p/daemon/src/interfaces/core.ts"],"names":[],"mappings":";;;;;;AAAA,oDAA2B;AAC3B,uDAAmF;AACnF,yCAAmD;AACnD,2DAAyG;AAE5F,QAAA,MAAM,GAA8B,EAAE,CAAA;AAKtC,QAAA,sBAAsB,GAAoB,0BAAoD,CAAA;AAC9F,QAAA,iBAAiB,GAAG,CAAC,CAAM,EAAwB,EAAE;IAC9D,IAAI,CAAC,gBAAQ,CAAC,CAAC,CAAC;QAAE,OAAO,KAAK,CAAC;IAC/B,OAAO,CAAC,2BAA2B,CAAC,IAAI,CAAC,CAAC,CAAC,CAAC,CAAC;AACjD,CAAC,CAAA;AACD,cAAM,CAAC,eAAe,GAAG,GAAG,EAAE;IAC1B,gBAAM,CAAC,yBAAiB,CAAC,8BAAsB,CAAC,CAAC,CAAA;AACrD,CAAC,CAAA;AAKY,QAAA,oBAAoB,GAAkB,wBAAgD,CAAA;AACtF,QAAA,eAAe,GAAG,CAAC,CAAM,EAAsB,EAAE;IAC1D,IAAI,CAAC,gBAAQ,CAAC,CAAC,CAAC;QAAE,OAAO,KAAK,CAAC;IAC/B,OAAO,CAAC,4BAA4B,CAAC,IAAI,CAAC,CAAC,CAAC,CAAC,CAAC;AAClD,CAAC,CAAA;AACD,cAAM,CAAC,aAAa,GAAG,GAAG,EAAE;IACxB,gBAAM,CAAC,uBAAe,CAAC,4BAAoB,CAAC,CAAC,CAAA;AACjD,CAAC,CAAA;AAMY,QAAA,YAAY,GAAG,CAAC,CAAM,EAAmB,EAAE;IACpD,IAAI,CAAC,gBAAQ,CAAC,CAAC,CAAC;QAAE,OAAO,KAAK,CAAC;IAC/B,OAAO,0BAAkB,CAAC,CAAC,CAAC,CAAC;AACjC,CAAC,CAAA;AACY,QAAA,kBAAkB,GAAG,CAAC,CAAS,EAAqB,EAAE;IAC/D,IAAI,CAAM,CAAC;IACX,IAAI;QACA,CAAC,GAAG,IAAI,CAAC,KAAK,CAAC,CAAC,CAAC,CAAC;KACrB;IACD,MAAM;QACF,OAAO,IAAI,CAAC;KACf;IACD,IAAI,CAAC,oBAAY,CAAC,CAAC,CAAC;QAAE,OAAO,IAAI,CAAC;IAClC,OAAO,CAAC,CAAC;AACb,CAAC,CAAA;AACY,QAAA,kBAAkB,GAAG,CAAC,GAAQ,EAAW,EAAE;IACpD,IAAI,CAAC,gBAAQ,CAAC,GAAG,CAAC;QAAE,OAAO,KAAK,CAAA;IAChC,MAAM,aAAa,GAAG,CAAC,CAAS,EAAE,EAAE;QAChC,OAAO,MAAM,CAAC,SAAS,CAAC,QAAQ,CAAC,IAAI,CAAC,CAAC,CAAC,KAAK,iBAAiB,CAAC;IACnE,CAAC,CAAC;IACF,MAAM,OAAO,GAAG,CAAC,CAAM,EAAE,EAAE;QACzB,OAAO,CAAC,CAAC,KAAK,IAAI,CAAC,IAAI,CAAC,OAAO,CAAC,KAAK,WAAW,IAAI,OAAO,CAAC,KAAK,QAAQ,IAAI,OAAO,CAAC,KAAK,SAAS,IAAI,OAAO,CAAC,KAAK,QAAQ,IAAI,KAAK,CAAC,OAAO,CAAC,CAAC,CAAC,IAAI,aAAa,CAAC,CAAC,CAAC,CAAC,CAAC;IACxK,CAAC,CAAA;IACD,IAAI,CAAC,OAAO,CAAC,GAAG,CAAC,EAAE;QACjB,OAAO,KAAK,CAAC;KACd;IACD,KAAK,IAAI,QAAQ,IAAI,GAAG,EAAE;QACxB,IAAI,GAAG,CAAC,cAAc,CAAC,QAAQ,CAAC,EAAE;YAChC,IAAI,CAAC,OAAO,CAAC,GAAG,CAAC,QAAQ,CAAC,CAAC,EAAE;gBAC3B,OAAO,KAAK,CAAC;aACd;YACD,IAAI,OAAO,GAAG,CAAC,QAAQ,CAAC,KAAK,QAAQ,EAAE;gBACrC,IAAI,CAAC,0BAAkB,CAAC,GAAG,CAAC,QAAQ,CAAC,CAAC,EAAE;oBACtC,OAAO,KAAK,CAAC;iBACd;aACF;SACF;KACF;IACD,OAAO,IAAI,CAAC;AAChB,CAAC,CAAA;AAED,SAAS;AACI,QAAA,QAAQ,GAAG,CAAC,CAAM,EAAe,EAAE;IAC5C,OAAO,CAAC,CAAC,CAAC,KAAK,IAAI,CAAC,IAAI,CAAC,OAAO,CAAC,KAAK,QAAQ,CAAC,CAAC,CAAC;AACrD,CAAC,CAAA;AAED,SAAS;AACI,QAAA,QAAQ,GAAG,CAAC,CAAM,EAAe,EAAE;IAC5C,OAAO,CAAC,CAAC,CAAC,KAAK,IAAI,CAAC,IAAI,CAAC,OAAO,CAAC,KAAK,QAAQ,CAAC,CAAC,CAAC;AACrD,CAAC,CAAA;AAED,WAAW;AACE,QAAA,UAAU,GAAG,CAAC,CAAM,EAAiB,EAAE;IAChD,OAAO,CAAC,CAAC,CAAC,KAAK,IAAI,CAAC,IAAI,CAAC,OAAO,CAAC,KAAK,UAAU,CAAC,CAAC,CAAC;AACvD,CAAC,CAAA;AAED,SAAS;AACI,QAAA,QAAQ,GAAG,CAAC,CAAM,EAAe,EAAE;IAC5C,OAAO,CAAC,CAAC,CAAC,KAAK,IAAI,CAAC,IAAI,CAAC,OAAO,CAAC,KAAK,QAAQ,CAAC,CAAC,CAAC;AACrD,CAAC,CAAA;AAED,SAAS;AACI,QAAA,QAAQ,GAAG,CAAC,CAAM,EAAe,EAAE;IAC5C,OAAO,CAAC,CAAC,CAAC,KAAK,IAAI,CAAC,IAAI,CAAC,OAAO,CAAC,KAAK,QAAQ,CAAC,CAAC,CAAC;AACrD,CAAC,CAAA;AAED,OAAO;AACM,QAAA,MAAM,GAAG,CAAC,CAAM,EAAa,EAAE;IACxC,OAAO,CAAC,KAAK,IAAI,CAAC;AACtB,CAAC,CAAA;AAED,UAAU;AACG,QAAA,SAAS,GAAG,CAAC,CAAM,EAAgB,EAAE;IAC9C,OAAO,CAAC,CAAC,CAAC,KAAK,IAAI,CAAC,IAAI,CAAC,OAAO,CAAC,KAAK,SAAS,CAAC,CAAC,CAAC;AACtD,CAAC,CAAA;AAED,UAAU;AACG,QAAA,OAAO,GAAG,CAAC,aAAyB,EAAyB,EAAE;IACxE,OAAO,CAAC,CAAC,EAAE,EAAE;QACT,KAAK,IAAI,EAAE,IAAI,aAAa,EAAE;YAC1B,IAAI,EAAE,CAAC,CAAC,CAAC;gBAAE,OAAO,IAAI,CAAC;SAC1B;QACD,OAAO,KAAK,CAAC;IACjB,CAAC,CAAA;AACL,CAAC,CAAA;AAEY,QAAA,QAAQ,GAAG,CAAC,kBAAiD,EAAyB,EAAE;IACjG,IAAI,kBAAU,CAAC,kBAAkB,CAAC,EAAE;QAChC,MAAM,YAAY,GAAa,kBAAkB,CAAA;QACjD,OAAO,CAAC,CAAC,EAAE,EAAE;YACT,OAAO,CAAC,CAAC,CAAC,KAAK,SAAS,CAAC,IAAI,CAAC,YAAY,CAAC,CAAC,CAAC,CAAC,CAAC,CAAC;QACpD,CAAC,CAAA;KACJ;SACI;QACD,OAAO,CAAC,CAAC,EAAE,EAAE;YACT,MAAM,GAAG,GAAuB,kBAAkB,CAAA;YAClD,OAAO,CAAC,CAAC,CAAC,KAAK,SAAS,CAAC,IAAI,CAAC,uBAAe,CAAC,CAAC,EAAE,GAAG,CAAC,CAAC,CAAC,CAAA;QAC3D,CAAC,CAAA;KACJ;AACL,CAAC,CAAA;AAED,YAAY;AACC,QAAA,SAAS,GAAG,CAAC,KAAU,EAAyB,EAAE;IAC3D,OAAO,CAAC,CAAC,EAAE,EAAE;QACT,OAAO,CAAC,KAAK,KAAK,CAAC;IACvB,CAAC,CAAA;AACL,CAAC,CAAA;AAED,YAAY;AACC,QAAA,SAAS,GAAG,CAAC,YAAiC,EAAyB,EAAE;IAClF,OAAO,CAAC,CAAC,EAAE,EAAE;QACT,IAAI,CAAC,CAAC,KAAK,IAAI,CAAC,IAAI,CAAC,KAAK,CAAC,OAAO,CAAC,CAAC,CAAC,CAAC,EAAE;YACpC,KAAK,IAAI,CAAC,IAAI,CAAC,EAAE;gBACb,IAAI,CAAC,YAAY,CAAC,CAAC,CAAC;oBAAE,OAAO,KAAK,CAAC;aACtC;YACD,OAAO,IAAI,CAAC;SACf;;YACI,OAAO,KAAK,CAAC;IACtB,CAAC,CAAA;AACL,CAAC,CAAA;AAED,+FAA+F;AAC/F,uCAAuC;AACvC,aAAa;AACb,MAAM,UAAU,GAAG,CAAC,eAAoC,EAAE,iBAAsC,EAAyB,EAAE;IACvH,OAAO,CAAC,CAAC,EAAE,EAAE;QACT,IAAI,gBAAQ,CAAC,CAAC,CAAC,EAAE;YACb,KAAK,IAAI,CAAC,IAAI,CAAC,EAAE;gBACb,IAAI,CAAC,eAAe,CAAC,CAAC,CAAC;oBAAE,OAAO,KAAK,CAAC;gBACtC,IAAI,CAAC,iBAAiB,CAAC,CAAC,CAAC,CAAC,CAAC,CAAC;oBAAE,OAAO,KAAK,CAAC;aAC9C;YACD,OAAO,IAAI,CAAC;SACf;;YACI,OAAO,KAAK,CAAC;IACtB,CAAC,CAAA;AACL,CAAC,CAAA;AACD,cAAM,CAAC,cAAc,GAAG,GAAG,EAAE;IACzB,MAAM,iBAAiB,GAAG,UAAU,CAAC,gBAAQ,EAAE,gBAAQ,CAAC,CAAC
[...]
ne":2},"1":{"loc":{"start":{"line":3,"column":11},"end":{"line":3,"column":61}},"type":"cond-expr","locations":[{"start":{"line":3,"column":37},"end":{"line":3,"column":40}},{"start":{"line":3,"column":43},"end":{"line":3,"column":61}}],"line":3},"2":{"loc":{"start":{"line":3,"column":12},"end":{"line":3,"column":33}},"type":"binary-expr","locations":[{"start":{"line":3,"column":12},"end":{"line":3,"column":15}},{"start":{"line":3,"column":19},"end":{"line":3,"column":33}}],"line":3},"3":{"loc":{"start":{"line":13,"column":4},"end":{"line":14,"column":21}},"type":"if","locations":[{"start":{"line":13,"column":4},"end":{"line":14,"column":21}},{"start":{"line":13,"column":4},"end":{"line":14,"column":21}}],"line":13},"4":{"loc":{"start":{"line":42,"column":11},"end":{"line":51,"column":21}},"type":"cond-expr","locations":[{"start":{"line":51,"column":9},"end":{"line":51,"column":13}},{"start":{"line":51,"column":16},"end":{"line":51,"column":21}}],"line":42},"5":{"loc":{"start":{"line":54,"column":11},"end":{"line":63,"column":21}},"type":"cond-expr","locations":[{"start":{"line":63,"column":9},"end":{"line":63,"column":13}},{"start":{"line":63,"column":16},"end":{"line":63,"column":21}}],"line":54}},"s":{"0":1,"1":1,"2":1,"3":1,"4":1,"5":1,"6":1,"7":1,"8":1,"9":1,"10":0,"11":0,"12":0,"13":1,"14":0,"15":1,"16":0,"17":1,"18":0,"19":1,"20":0,"21":1,"22":0,"23":1,"24":0,"25":1,"26":0,"27":1,"28":0,"29":1,"30":0,"31":1,"32":0,"33":1,"34":0,"35":1,"36":0,"37":1,"38":0,"39":1,"40":0,"41":1,"42":0,"43":1,"44":0,"45":1,"46":0,"47":1,"48":0,"49":1,"50":0,"51":1,"52":0,"53":1,"54":0,"55":1,"56":0},"f":{"0":1,"1":0,"2":0,"3":0,"4":0,"5":0,"6":0,"7":0,"8":0,"9":0,"10":0,"11":0,"12":0,"13":0,"14":0,"15":0,"16":0,"17":0,"18":0,"19":0,"20":0,"21":0,"22":0,"23":0},"b":{"0":[1,1,1],"1":[0,1],"2":[1,1],"3":[0,0],"4":[0,0],"5":[0,0]},"inputSourceMap":{"version":3,"file":"/home/jsoules/src/kachery-p2p/daemon/src/interfaces/NodeToNodeRequest.ts","sources":["/home/jsoules/src/kachery-p2p/daemon/src/interfaces/NodeToNodeRequest.ts"],"names":[],"mappings":";;;;;;AAAA,wDAAoD;AACpD,iCAA8iB;AAC9iB,oDAA2B;AAC3B,yCAAkD;AAErC,QAAA,MAAM,GAAgC,EAAE,CAAA;AAMxC,QAAA,UAAU,GAAG,CAAC,CAAM,EAAiB,EAAE;IAChD,IAAI,CAAC,eAAQ,CAAC,CAAC,CAAC;QAAE,OAAO,KAAK,CAAC;IAC/B,OAAO,CAAC,gBAAgB,CAAC,IAAI,CAAC,CAAC,CAAC,CAAC,CAAA;AACrC,CAAC,CAAA;AACY,QAAA,cAAc,GAAG,GAAG,EAAE;IAC/B,OAAO,wBAAiB,CAAC,EAAE,CAAoB,CAAA;AACnD,CAAC,CAAA;AACD,cAAM,CAAC,QAAQ,GAAG,GAAG,EAAE,GAAG,gBAAM,CAAC,kBAAU,CAAC,sBAAc,EAAE,CAAC,CAAC,CAAA,CAAC,CAAC,CAAA;AAcnD,QAAA,mBAAmB,GAAG,CAAC,CAAM,EAA0B,EAAE;IAClE,OAAO,sBAAe,CAAC,CAAC,EAAE;QACtB,eAAe,EAAE,gBAAS,CAAC,iCAAe,EAAE,CAAC;QAC7C,SAAS,EAAE,kBAAW;QACtB,UAAU,EAAE,eAAQ;QACpB,QAAQ,EAAE,eAAQ;QAClB,SAAS,EAAE,kBAAW;QACtB,WAAW,EAAE,+BAAuB;KACvC,CAAC,CAAA;AACN,CAAC,CAAA;AAYY,QAAA,oBAAoB,GAAG,CAAC,CAAM,EAA2B,EAAE;IACpE,OAAO,sBAAe,CAAC,CAAC,EAAE;QACtB,eAAe,EAAE,gBAAS,CAAC,iCAAe,EAAE,CAAC;QAC7C,SAAS,EAAE,kBAAW;QACtB,UAAU,EAAE,eAAQ;QACpB,QAAQ,EAAE,eAAQ;QAClB,SAAS,EAAE,kBAAW;QACtB,YAAY,EAAE,gCAAwB;KACzC,CAAC,CAAA;AACN,CAAC,CAAA;AAYY,QAAA,uBAAuB,GAAG,CAAC,CAAM,EAA8B,EAAE;IAC1E,OAAO,cAAO,CAAC;QACX,mCAA2B;QAC3B,6BAAqB;QACrB,iCAAyB;QACzB,qCAA6B;QAC7B,6CAAqC;QACrC,4CAAoC;QACpC,8CAAsC;QACtC,qCAA6B;KAChC,CAAC,CAAC,CAAC,CAAC,IAAI,CAAC,CAAC,CAAC,KAAK,CAAC;AACtB,CAAC,CAAA;AAWY,QAAA,wBAAwB,GAAG,CAAC,CAAM,EAA+B,EAAE;IAC5E,OAAO,cAAO,CAAC;QACX,oCAA4B;QAC5B,8BAAsB;QACtB,kCAA0B;QAC1B,sCAA8B;QAC9B,8CAAsC;QACtC,6CAAqC;QACrC,+CAAuC;QACvC,sCAA8B;KACjC,CAAC,CAAC,CAAC,CAAC,IAAI,CAAC,CAAC,CAAC,KAAK,CAAC;AACtB,CAAC,CAAA;AAOY,QAAA,2BAA2B,GAAG,CAAC,CAAM,EAAkC,EAAE;IAClF,OAAO,sBAAe,CAAC,CAAC,EAAE;QACtB,WAAW,EAAE,gBAAS,CAAC,gBAAgB,CAAC;QACxC,WAAW,EAAE,oBAAa;KAC7B,CAAC,CAAA;AACN,CAAC,CAAA;AAKY,QAAA,4BAA4B,GAAG,CAAC,CAAM,EAAmC,EAAE;IACpF,OAAO,sBAAe,CAAC,CAAC,EAAE;QACtB,WAAW,EAAE,gBAAS,CAAC,gBAAgB,CAAC;QACxC,WAAW,EAAE,oBAAa;KAC7B,CAAC,CAAA;AACN,CAAC,CAAA;AAOY,QAAA,qBAAqB,GAAG,CAAC,CAAM,EAA4B,EAAE;IACtE,OAAO,sBAAe,CAAC,CAAC,EAAE;QACtB,WAAW,EAAE,gBAAS,CAAC,UAAU,CAAC;QAClC,eAAe,EAAE,wBAAiB;KACrC,CAAC,CAAA;AACN,CAAC,CAAA;AAMY,QAAA,sBAAsB,GAAG,CAAC,CAAM,EAA6B,EAAE;IACxE,OAAO,sBAAe,CAAC,CAAC,EAAE;QACtB,WAAW,EAAE,gBAAS,CAAC,UAAU,CAAC;QAClC,OAAO,EAAE,gBAAS;QAClB,YAAY,EAAE,qBAAc;KAC/B,CAAC,CAAA;AACN,CAAC,CAAA;AAOY,QAAA,yBAAyB,GAAG,CAAC,CAAM,EAAgC,EAAE;IAC9E,OAAO,sBAAe,CAAC,CAAC,EAAE;QACtB,WAAW,EAAE,gBAAS,CAAC,cAAc,CAAC;QACtC,OAAO,EAAE,gBAAS;KACrB,CAAC,CAAA;AACN,CAAC,CAAA;AAMY,QAAA,0BAA0B,GAAG,CAAC,CAAM,EAAiC,EAAE;IAChF,OAAO,sBAAe,CAAC,CAAC,EAAE;QACtB,WAAW,EAAE,gBAAS,CAAC,cAAc,CAAC;QACtC,KAAK,EAAE,gBAAS;QAChB,IAAI,EAAE,cAAO,CAAC,CAAC,aAAM,EAAE,eAAQ,CAAC,CAAC;KACpC,CAAC,CAAA;AACN,CAAC,CAAA;AAOY,QAAA,6BAA6B,GAAG,CAAC,CAAM,EAAoC,EAAE;IACtF,OAAO,sBAAe,CAAC,CAAC,EAAE;QACtB,WAAW,EAAE,gBAAS,CAAC,kBAAkB,CAAC;QAC1C,MAAM,EAAE,eAAQ;KACnB,CAAC,CAAA;AACN,CAAC,CAAA;AAKY,QAAA,8BAA8B,GAAG,CAAC,CAAM,EAAqC,EAAE;IACxF,OAAO,sBAAe,CAAC,CAAC,EAAE;QACtB,WAAW,EAAE,gBAAS,CAAC,kBAAkB,CAAC;QAC1C,KAAK,EAAE,gBAAS;QAChB,WAAW,EAAE,eAAQ,CAAC,eAAQ,CAAC;KAClC,CAAC,CAAA;AACN,CAAC,CAAA;AAOY,QAAA,qCAAqC,GAAG,CAAC,CAAM,EAA4C,EAAE;IACtG,OAAO,sBAAe,CAAC,CAAC,EAAE;QACtB,WAAW,EAAE,gBAAS,CAAC,0BAA0B,CAAC;QAClD,qBAAqB,EAAE,8BAAuB;KACjD,CAAC,CAAA;AACN,CAAC,CAAA;AAKY,QAAA,sCAAsC,GAAG,CAAC,CAAM,EAA6C,EAAE;IACxG,OAAO,sBAAe,CAAC,CAAC,EAAE;QACtB,WAAW,EAAE,gBAAS,CAAC,0BAA0B,CAAC;QAClD,OAAO,EAAE,gBAAS;KACrB,CAAC,CAAA;AACN,CAAC,CAAA;AASY,QAAA,oCAAoC,GAAG,CAAC,CAAM,EAA2C,EAAE;IACpG,OAAO,sBAAe,CAAC,CAAC,EAAE;QACtB,WAAW,EAAE,gBAAS,CAAC,yBAAyB,CAAC;QACjD,MAAM,EAAE,eAAQ;QAChB,WAAW,EAAE,oBAAa;QAC1B,OAAO,EAAE,gCAAyB;KACrC,CAAC,CAAA;AACN,CAAC,CAAA;AAMY,QAAA,qCAAqC,GAAG,CAAC,CAAM,EAA4C,EAAE;IACtG,OAAO,sBAAe,CAAC,CAAC,EAAE;QACtB,WAAW,EAAE,gBAAS,CAAC,yBAAyB,CAAC;QACjD,OAAO,EAAE,gBAAS;QAClB,YAAY,EAAE,cAAO,CAAC,CAAC,aAAM,EAAE,qBAAc,CAAC,CAAC;KAClD,CAAC,CAAA;AACN,CAAC,CAAA;AAWY,QAAA,sCAAsC,GAAG,CAAC,CAAM,EAA6C,EAAE;IACxG,OAAO,sBAAe,CAAC,CAAC,EAAE;QACtB,WAAW,EAAE,gBAAS,CAAC,2BAA2B,CAAC;QACnD,MAAM,EAAE,eAAQ;QAChB,WAAW,EAAE,oBAAa;QAC1B,QAAQ,EAAE,eAAQ;QAClB,cAAc,EAAE,eAAQ;QACxB,QAAQ,EAAE,eAAQ;KACrB,CAAC,CAAA;AACN,CAAC,CAAA;AAOY,QAAA,uCAAuC,GAAG,CAAC,CAAM,EAA8C,EAAE;IAC1G,OAAO,sBAAe,CAAC,CAAC,EAAE;QACtB,WAAW,EAAE,gBAAS,CAAC,2BAA2B,CAAC;QACnD,OAAO,EAAE,gBAAS;QAClB,cAAc,EAAE,gBAAS,CAAC,6BAAsB,CAAC;QACjD,YAAY,EAAE,cAAO,CAAC,CAAC,aAAM,EAAE,qBAAc,CAAC,CAAC;KAClD,CAAC,CAAA;AACN,CAAC,CAAA;AASY,QAAA,6BAA6B,GAAG,CAAC,CAAM,EAAoC,EAAE;IACtF,OAAO,sBAAe,CAAC,CAAC,EAAE;QACtB,WAAW,EAAE,gBAAS,CAAC,kBAAkB,CAAC;QAC1C,OAAO,EAAE,gBAAS;QAClB,SAAS,EAAE,eAAQ;QACnB,OAAO,EAAE,eAAQ;KACpB,CAAC,CAAA;AACN,CAAC,CAAA;AAOY,QAAA,8BAA8B,GAAG,CAAC,CAAM,EAAqC,EAAE;IACxF,OAAO,sBAAe,CAAC,CAAC,EAAE;QACtB,WAAW,EAAE,gBAAS,CAAC,kBAAkB,CAAC;QAC1C,OAAO,EAAE,gBAAS;QAClB,QAAQ,EAAE,cAAO,CAAC,CAAC,aAAM,EAAE,kBAAU,CAAC,CAAC;QACvC,YAAY,EAAE,cAAO,CAAC,CAAC,aAAM,EAAE,qBAAc,CAAC,CAAC;KAClD,CAAC,CAAA;AACN,CAAC,CAAA","sourcesContent":["import { protocolVersion } from \"../protocolVersion\"\nimport { ChannelName, isChannelName, isNodeId, isRequestId, NodeId, RequestId, Timestamp, _validateObject, isTimestamp, isOneOf, isEqualTo, ChannelNodeInfo, isChannelNodeInfo, FileKey, isFileKey, FeedId, isFeedId, LiveFeedSubscriptions, isLiveFeedSubscriptions, optional, isBoolean, isNumber, ChannelInfo, isChannelInfo, Signature, SubfeedHash, isSubfeedHash, isNull, SubmittedSubfeedMessage, isSubmittedSubfeedMessage, ErrorMessage, isErrorMessage, isBigInt, SignedSubfeedMessage, isArrayOf, isSignedSubfeedMessage, ProtocolVersion, isString } from \"./core\"\nimport assert from 'assert'\nimport { randomAlphaString } from \"../common/util\"\n\nexport const _tests: {[key: string]: () => void} = {}\n\n// StreamId\nexport interface StreamId extends String {\n    __streamId__: never // phantom type\n}\nexport const isStreamId = (x: any): x is StreamId => {\n    if (!isString(x)) return false;\n    return (/^[A-Za-z]{10}$/.test(x))\n}\nexport const createStreamId = () => {\n    return randomAlphaString(10) as any as StreamId\n}\n_tests.StreamId = () => { assert(isStreamId(createStreamId())) }\n\n\nexport interface NodeToNodeRequest {\n    body: {\n        protocolVersion: ProtocolVersion,\n        requestId: RequestId,\n        fromNodeId: NodeId,\n        toNodeId: NodeId,\n        timestamp: Timestamp,\n        requestData: NodeToNodeRequestData,\n    },\n    signature: Signature\n}\nexport const isNodeToNodeRequest = (x: any): x is NodeToNodeRequest => {\n    return _validateObject(x, {\n        protocolVersion: isEqualTo(protocolVersion()),\n        requestId: isRequestId,\n        fromNodeId: isNodeId,\n        toNodeId: isNodeId,\n        timestamp: isTimestamp,\n        requestData: isNodeToNodeRequestData\n    })\n}\nexport interface NodeToNodeResponse {\n    body: {\n        protocolVersion: ProtocolVersion,\n        requestId: RequestId,\n        fromNodeId: NodeId,\n        toNodeId: NodeId,\n        timestamp: Timestamp,\n        responseData: NodeToNodeResponseData\n    },\n    signature: Signature\n}\nexport const isNodeToNodeResponse = (x: any): x is NodeToNodeResponse => {\n    return _validateObject(x, {\n        protocolVersion: isEqualTo(protocolVersion()),\n        requestId: isRequestId,\n        fromNodeId: isNodeId,\n        toNodeId: isNodeId,\n        timestamp: isTimestamp,\n        responseData: isNodeToNodeResponseData\n    })\n}\n\nexport type NodeToNodeRequestData = (\n    GetChannelInfoRequestData |\n    AnnounceRequestData |\n    CheckForFileRequestData |\n    CheckForLiveFeedRequestData |\n    SetLiveFeedSubscriptionsRequestData |\n    SubmitMessageToLiveFeedRequestData |\n    GetLiveFeedSignedMessagesRequestData |\n    DownloadFileDataRequestData\n)\nexport const isNodeToNodeRequestData = (x: any): x is NodeToNodeRequestData => {\n    return isOneOf([\n        isGetChannelInfoRequestData,\n        isAnnounceRequestData,\n        isCheckForFileRequestData,\n        isCheckForLiveFeedRequestData,\n        isSetLiveFeedSubscriptionsRequestData,\n        isSubmitMessageToLiveFeedRequestData,\n        isGetLiveFeedSignedMessagesRequestData,\n        isDownloadFileDataRequestData\n    ]) ? true : false;\n}\nexport type NodeToNodeResponseData = (\n    GetChannelInfoResponseData |\n    AnnounceResponseData |\n    CheckForFileResponseData |\n    CheckForLiveFeedResponseData |\n    SetLiveFeedSubscriptionsResponseData |\n    SubmitMessageToLiveFeedResponseData |\n    GetLiveFeedSignedMessagesResponseData |\n    DownloadFileDataResponseData\n)\nexport const isNodeToNodeResponseData = (x: any): x is NodeToNodeResponseData => {\n    return isOneOf([\n        isGetChannelInfoResponseData,\n        isAnnounceResponseData,\n        isCheckForFileResponseData,\n        isCheckForLiveFeedResponseData,\n        isSetLiveFeedSubscriptionsResponseData,\n        isSubmitMessageToLiveFeedResponseData,\n        isGetLiveFeedSignedMessagesResponseData,\n        isDownloadFileDataResponseData\n    ]) ? true : false;\n}\n\n// getChannelInfo\nexport interface GetChannelInfoRequestData {\n    requestType: 'getChannelInfo',\n    channelName: ChannelName\n}\nexport const isGetChannelInfoRequestData = (x: any): x is GetChannelInfoRequestData => {\n    return _validateObject(x, {\n        requestType: isEqualTo('getChannelInfo'),\n        channelName: isChannelName\n    })\n}\nexport interface GetChannelInfoResponseData {\n    requestType: 'getChannelInfo',\n    channelInfo: ChannelInfo\n}\nexport const isGetChannelInfoResponseData = (x: any): x is GetChannelInfoResponseData => {\n    return _validateObject(x, {\n        requestType: isEqualTo('getChannelInfo'),\n        channelInfo: isChannelInfo\n    })\n}\n\n// announce\nexport interface AnnounceRequestData {\n    requestType: 'announce',\n    channelNodeInfo: ChannelNodeInfo\n}\nexport const isAnnounceRequestData = (x: any): x is AnnounceRequestData => {\n    return _validateObject(x, {\n        requestType: isEqualTo('announce'),\n        channelNodeInfo: isChannelNodeInfo\n    })\n}\nexport interface AnnounceResponseData {\n    requestType: 'announce',\n    success: boolean,\n    errorMessage: ErrorMessage | null\n}\nexport const isAnnounceResponseData = (x: any): x is AnnounceResponseData => {\n    return _validateObject(x, {\n        requestType: isEqualTo('announce'),\n        success: isBoolean,\n        errorMessage: isErrorMessage\n    })\n}\n\n// checkForFile\nexport interface CheckForFileRequestData {\n    requestType: 'checkForFile',\n    fileKey: FileKey\n}\nexport const isCheckForFileRequestData = (x: any): x is CheckForFileRequestData => {\n    return _validateObject(x, {\n        requestType: isEqualTo('checkForFile'),\n        fileKey: isFileKey\n    })\n}\nexport interface CheckForFileResponseData {\n    requestType: 'checkForFile',\n    found: boolean,\n    size: bigint | null\n}\nexport const isCheckForFileResponseData = (x: any): x is CheckForFileResponseData => {\n    return _validateObject(x, {\n        requestType: isEqualTo('checkForFile'),\n        found: isBoolean,\n        size: isOneOf([isNull, isBigInt])\n    })\n}\n\n// checkForLiveFeed\nexport interface CheckForLiveFeedRequestData {\n    requestType: 'checkForLiveFeed',\n    feedId: FeedId\n}\nexport const isCheckForLiveFeedRequestData = (x: any): x is CheckForLiveFeedRequestData => {\n    return _validateObject(x, {\n        requestType: isEqualTo('checkForLiveFeed'),\n        feedId: isFeedId\n    })\n}\nexport interface CheckForLiveFeedResponseData {\n    requestType: 'checkForLiveFeed',\n    found: boolean\n}\nexport const isCheckForLiveFeedResponseData = (x: any): x is CheckForLiveFeedResponseData => {\n    return _validateObject(x, {\n        requestType: isEqualTo('checkForLiveFeed'),\n        found: isBoolean,\n        numMessages: optional(isNumber)\n    })\n}\n\n// setLiveFeedSubscriptions\nexport interface SetLiveFeedSubscriptionsRequestData {\n    requestType: 'setLiveFeedSubscriptions',\n    liveFeedSubscriptions: LiveFeedSubscriptions\n}\nexport const isSetLiveFeedSubscriptionsRequestData = (x: any): x is SetLiveFeedSubscriptionsRequestData => {\n    return _validateObject(x, {\n        requestType: isEqualTo('setLiveFeedSubscriptions'),\n        liveFeedSubscriptions: isLiveFeedSubscriptions\n    })\n}\nexport interface SetLiveFeedSubscriptionsResponseData {\n    requestType: 'setLiveFeedSubscriptions',\n    success: boolean\n}\nexport const isSetLiveFeedSubscriptionsResponseData = (x: any): x is SetLiveFeedSubscriptionsResponseData => {\n    return _validateObject(x, {\n        requestType: isEqualTo('setLiveFeedSubscriptions'),\n        success: isBoolean\n    })\n}\n\n// submitMessageToLiveFeed\nexport interface SubmitMessageToLiveFeedRequestData {\n    requestType: 'submitMessageToLiveFeed',\n    feedId: FeedId,\n    subfeedHash: SubfeedHash,\n    message: SubmittedSubfeedMessage\n}\nexport const isSubmitMessageToLiveFeedRequestData = (x: any): x is SubmitMessageToLiveFeedRequestData => {\n    return _validateObject(x, {\n        requestType: isEqualTo('submitMessageToLiveFeed'),\n        feedId: isFeedId,\n        subfeedHash: isSubfeedHash,\n        message: isSubmittedSubfeedMessage\n    })\n}\nexport interface SubmitMessageToLiveFeedResponseData {\n    requestType: 'submitMessageToLiveFeed',\n    success: boolean,\n    errorMessage: ErrorMessage | null\n}\nexport const isSubmitMessageToLiveFeedResponseData = (x: any): x is SubmitMessageToLiveFeedResponseData => {\n    return _validateObject(x, {\n        requestType: isEqualTo('submitMessageToLiveFeed'),\n        success: isBoolean,\n        errorMessage: isOneOf([isNull, isErrorMessage])\n    })\n}\n\n// getLiveFeedSignedMessages\nexport interface GetLiveFeedSignedMessagesRequestData {\n    requestType: 'getLiveFeedSignedMessages',\n    feedId: FeedId,\n    subfeedHash: SubfeedHash,\n    position: number,\n    maxNumMessages: number,\n    waitMsec: number\n}\nexport const isGetLiveFeedSignedMessagesRequestData = (x: any): x is GetLiveFeedSignedMessagesRequestData => {\n    return _validateObject(x, {\n        requestType: isEqualTo('getLiveFeedSignedMessages'),\n        feedId: isFeedId,\n        subfeedHash: isSubfeedHash,\n        position: isNumber,\n        maxNumMessages: isNumber,\n        waitMsec: isNumber\n    })\n}\nexport interface GetLiveFeedSignedMessagesResponseData {\n    requestType: 'getLiveFeedSignedMessages',\n    success: boolean,\n    signedMessages: SignedSubfeedMessage[] | null,\n    errorMessage: ErrorMessage | null\n}\nexport const isGetLiveFeedSignedMessagesResponseData = (x: any): x is GetLiveFeedSignedMessagesResponseData => {\n    return _validateObject(x, {\n        requestType: isEqualTo('getLiveFeedSignedMessages'),\n        success: isBoolean,\n        signedMessages: isArrayOf(isSignedSubfeedMessage),\n        errorMessage: isOneOf([isNull, isErrorMessage])\n    })\n}\n\n// downloadFileData\nexport interface DownloadFileDataRequestData {\n    requestType: 'downloadFileData',\n    fileKey: FileKey,\n    startByte: bigint,\n    endByte: bigint\n}\nexport const isDownloadFileDataRequestData = (x: any): x is DownloadFileDataRequestData => {\n    return _validateObject(x, {\n        requestType: isEqualTo('downloadFileData'),\n        fileKey: isFileKey,\n        startByte: isBigInt,\n        endByte: isBigInt\n    })\n}\nexport interface DownloadFileDataResponseData {\n    requestType: 'downloadFileData',\n    success: boolean,\n    streamId: StreamId | null,\n    errorMessage: ErrorMessage | null\n}\nexport const isDownloadFileDataResponseData = (x: any): x is DownloadFileDataResponseData => {\n    return _validateObject(x, {\n        requestType: isEqualTo('downloadFileData'),\n        success: isBoolean,\n        streamId: isOneOf([isNull, isStreamId]),\n        errorMessage: isOneOf([isNull, isErrorMessage])\n    })\n}"]},"_coverageSchema":"1a1c01bbd47fc00a2c39e90264f33305004495a9","hash":"33d76493479893fe545d9a0e4dd389aeed29f96e","contentHash":"8cf748003d3ddbfc039b98f91e7832bae81bd736f0d3284b0fc1f33982a73552"},"/home/jsoules/src/kachery-p2p/daemon/src/protocolVersion.ts":{"path":"/home/jsoules/src/kachery-p2p/daemon/src/protocolVersion.ts","statementMap":{"0":{"start":{"line":2,"column":0},"end":{"line":2,"column":62}},"1":{"start":{"line":3,"column":0},"end":{"line":3,"column":57}},"2":{"start":{"line":4,"column":25},"end":{"line":4,"column":44}},"3":{"start":{"line":5,"column":23},"end":{"line":5,"column":42}},"4":{"start":{"line":6,"column":0},"end":{"line":8,"column":2}},"5":{"start":{"line":7,"column":4},"end":{"line":7,"column":28}},"6":{"start":{"line":9,"column":0},"end":{"line":11,"column":2}},"7":{"start":{"line":10,"column":4},"end":{"line":10,"column":26}}},"fnMap":{"0":{"name":"(anonymous_0)","decl":{"start":{"line":6,"column":26},"end":{"line":6,"column":27}},"loc":{"start":{"line":6,"column":32},"end":{"line":8,"column":1}},"line":6},"1":{"name":"(anonymous_1)","decl":{"start":{"line":9,"column":24},"end":{"line":9,"column":25}},"loc":{"start":{"line":9,"column":30},"end":{"line":11,"column":1}},"line":9}},"branchMap":{},"s":{"0":1,"1":1,"2":1,"3":1,"4":1,"5":0,"6":1,"7":0},"f":{"0":0,"1":0},"b":{},"inputSourceMap":{"version":3,"file":"/home/jsoules/src/kachery-p2p/daemon/src/protocolVersion.ts","sources":["/home/jsoules/src/kachery-p2p/daemon/src/protocolVersion.ts"],"names":[],"mappings":";;;AAEA,MAAM,gBAAgB,GAAG,mBAAmB,CAAC;AAC7C,MAAM,cAAc,GAAG,mBAAmB,CAAC;AAE9B,QAAA,eAAe,GAAG,GAAoB,EAAE;IACjD,OAAO,gBAA0C,CAAC;AACtD,CAAC,CAAA;AAEY,QAAA,aAAa,GAAG,GAAkB,EAAE;IAC7C,OAAO,cAAsC,CAAC;AAClD,CAAC,CAAA","sourcesContent":["import { DaemonVersion, ProtocolVersion } from './interfaces/core'\n\nconst PROTOCOL_VERSION = 'kachery-p2p-0.5.0';\nconst DAEMON_VERSION = 'kachery-p2p-0.5.0';\n\nexport const protocolVersion = (): ProtocolVersion => {\n    return PROTOCOL_VERSION as any as ProtocolVersion;\n}\n\nexport const daemonVersion = (): DaemonVersion => {\n    return DAEMON_VERSION as any as DaemonVersion;\n}"]},"_coverageSchema":"1a1c01bbd47fc00a2c39e90264f33305004495a9","hash":"03364de36ae133e9c4d9029fa50bbdd1aa6236d0","contentHash":"01a49b914d724bb41ebf74aa2982807b018038ba672a80ad45800525cf8749cc"}}